ERROR - 2025-12-06 02:06:43 --> mysqli_sql_exception: Table 'lms_galorpot.terms' doesn't exist in F:\xammp\htdocs\ITE311-GALORPOT\system\Database\MySQLi\Connection.php:327
Stack trace:
#0 F:\xammp\htdocs\ITE311-GALORPOT\system\Database\MySQLi\Connection.php(327): mysqli->query('SELECT *\nFROM `...', 0)
#1 F:\xammp\htdocs\ITE311-GALORPOT\system\Database\BaseConnection.php(729): CodeIgniter\Database\MySQLi\Connection->execute('SELECT *\nFROM `...')
#2 F:\xammp\htdocs\ITE311-GALORPOT\system\Database\BaseConnection.php(646): CodeIgniter\Database\BaseConnection->simpleQuery('SELECT *\nFROM `...')
#3 F:\xammp\htdocs\ITE311-GALORPOT\system\Database\BaseBuilder.php(1649): CodeIgniter\Database\BaseConnection->query('SELECT *\nFROM `...', Array, false)
#4 F:\xammp\htdocs\ITE311-GALORPOT\system\Model.php(330): CodeIgniter\Database\BaseBuilder->get()
#5 F:\xammp\htdocs\ITE311-GALORPOT\system\BaseModel.php(715): CodeIgniter\Model->doFirst()
#6 F:\xammp\htdocs\ITE311-GALORPOT\app\Models\TermModel.php(43): CodeIgniter\BaseModel->first()
#7 F:\xammp\htdocs\ITE311-GALORPOT\app\Models\TermModel.php(75): App\Models\TermModel->getActiveTerm()
#8 F:\xammp\htdocs\ITE311-GALORPOT\app\Controllers\Dashboard.php(25): App\Models\TermModel->getCurrentAcademicPeriod()
#9 F:\xammp\htdocs\ITE311-GALORPOT\system\CodeIgniter.php(933): App\Controllers\Dashboard->index()
#10 F:\xammp\htdocs\ITE311-GALORPOT\system\CodeIgniter.php(507): CodeIgniter\CodeIgniter->runController(Object(App\Controllers\Dashboard))
#11 F:\xammp\htdocs\ITE311-GALORPOT\system\CodeIgniter.php(354): CodeIgniter\CodeIgniter->handleRequest(NULL, Object(Config\Cache), false)
#12 F:\xammp\htdocs\ITE311-GALORPOT\system\Boot.php(363): CodeIgniter\CodeIgniter->run()
#13 F:\xammp\htdocs\ITE311-GALORPOT\system\Boot.php(68): CodeIgniter\Boot::runCodeIgniter(Object(CodeIgniter\CodeIgniter))
#14 F:\xammp\htdocs\ITE311-GALORPOT\index.php(59): CodeIgniter\Boot::bootWeb(Object(Config\Paths))
#15 {main}
CRITICAL - 2025-12-06 02:06:43 --> CodeIgniter\Database\Exceptions\DatabaseException: Table 'lms_galorpot.terms' doesn't exist
[Method: GET, Route: dashboard]
in SYSTEMPATH\Database\BaseConnection.php on line 684.
 1 SYSTEMPATH\Database\BaseBuilder.php(1649): CodeIgniter\Database\BaseConnection->query('SELECT *
FROM `terms`
WHERE `start_date` IS NOT NULL
AND `end_date` IS NOT NULL
AND `start_date` <= :start_date:
AND `end_date` >= :end_date:
 LIMIT 1', [...], false)
 2 SYSTEMPATH\Model.php(330): CodeIgniter\Database\BaseBuilder->get()
 3 SYSTEMPATH\BaseModel.php(715): CodeIgniter\Model->doFirst()
 4 APPPATH\Models\TermModel.php(43): CodeIgniter\BaseModel->first()
 5 APPPATH\Models\TermModel.php(75): App\Models\TermModel->getActiveTerm()
 6 APPPATH\Controllers\Dashboard.php(25): App\Models\TermModel->getCurrentAcademicPeriod()
 7 SYSTEMPATH\CodeIgniter.php(933): App\Controllers\Dashboard->index()
 8 SYSTEMPATH\CodeIgniter.php(507): CodeIgniter\CodeIgniter->runController(Object(App\Controllers\Dashboard))
 9 SYSTEMPATH\CodeIgniter.php(354): CodeIgniter\CodeIgniter->handleRequest(null, Object(Config\Cache), false)
10 SYSTEMPATH\Boot.php(363): CodeIgniter\CodeIgniter->run()
11 SYSTEMPATH\Boot.php(68): CodeIgniter\Boot::runCodeIgniter(Object(CodeIgniter\CodeIgniter))
12 FCPATH\index.php(59): CodeIgniter\Boot::bootWeb(Object(Config\Paths))
CRITICAL - 2025-12-06 02:06:43 --> [Caused by] CodeIgniter\Database\Exceptions\DatabaseException: Table 'lms_galorpot.terms' doesn't exist
in SYSTEMPATH\Database\MySQLi\Connection.php on line 332.
 1 SYSTEMPATH\Database\BaseConnection.php(729): CodeIgniter\Database\MySQLi\Connection->execute('SELECT *
FROM `terms`
WHERE `start_date` IS NOT NULL
AND `end_date` IS NOT NULL
AND `start_date` <= \'2025-12-06\'
AND `end_date` >= \'2025-12-06\'
 LIMIT 1')
 2 SYSTEMPATH\Database\BaseConnection.php(646): CodeIgniter\Database\BaseConnection->simpleQuery('SELECT *
FROM `terms`
WHERE `start_date` IS NOT NULL
AND `end_date` IS NOT NULL
AND `start_date` <= \'2025-12-06\'
AND `end_date` >= \'2025-12-06\'
 LIMIT 1')
 3 SYSTEMPATH\Database\BaseBuilder.php(1649): CodeIgniter\Database\BaseConnection->query('SELECT *
FROM `terms`
WHERE `start_date` IS NOT NULL
AND `end_date` IS NOT NULL
AND `start_date` <= :start_date:
AND `end_date` >= :end_date:
 LIMIT 1', [...], false)
 4 SYSTEMPATH\Model.php(330): CodeIgniter\Database\BaseBuilder->get()
 5 SYSTEMPATH\BaseModel.php(715): CodeIgniter\Model->doFirst()
 6 APPPATH\Models\TermModel.php(43): CodeIgniter\BaseModel->first()
 7 APPPATH\Models\TermModel.php(75): App\Models\TermModel->getActiveTerm()
 8 APPPATH\Controllers\Dashboard.php(25): App\Models\TermModel->getCurrentAcademicPeriod()
 9 SYSTEMPATH\CodeIgniter.php(933): App\Controllers\Dashboard->index()
10 SYSTEMPATH\CodeIgniter.php(507): CodeIgniter\CodeIgniter->runController(Object(App\Controllers\Dashboard))
11 SYSTEMPATH\CodeIgniter.php(354): CodeIgniter\CodeIgniter->handleRequest(null, Object(Config\Cache), false)
12 SYSTEMPATH\Boot.php(363): CodeIgniter\CodeIgniter->run()
13 SYSTEMPATH\Boot.php(68): CodeIgniter\Boot::runCodeIgniter(Object(CodeIgniter\CodeIgniter))
14 FCPATH\index.php(59): CodeIgniter\Boot::bootWeb(Object(Config\Paths))
CRITICAL - 2025-12-06 02:06:43 --> [Caused by] mysqli_sql_exception: Table 'lms_galorpot.terms' doesn't exist
in SYSTEMPATH\Database\MySQLi\Connection.php on line 327.
 1 SYSTEMPATH\Database\MySQLi\Connection.php(327): mysqli->query('SELECT *
FROM `terms`
WHERE `start_date` IS NOT NULL
AND `end_date` IS NOT NULL
AND `start_date` <= \'2025-12-06\'
AND `end_date` >= \'2025-12-06\'
 LIMIT 1', 0)
 2 SYSTEMPATH\Database\BaseConnection.php(729): CodeIgniter\Database\MySQLi\Connection->execute('SELECT *
FROM `terms`
WHERE `start_date` IS NOT NULL
AND `end_date` IS NOT NULL
AND `start_date` <= \'2025-12-06\'
AND `end_date` >= \'2025-12-06\'
 LIMIT 1')
 3 SYSTEMPATH\Database\BaseConnection.php(646): CodeIgniter\Database\BaseConnection->simpleQuery('SELECT *
FROM `terms`
WHERE `start_date` IS NOT NULL
AND `end_date` IS NOT NULL
AND `start_date` <= \'2025-12-06\'
AND `end_date` >= \'2025-12-06\'
 LIMIT 1')
 4 SYSTEMPATH\Database\BaseBuilder.php(1649): CodeIgniter\Database\BaseConnection->query('SELECT *
FROM `terms`
WHERE `start_date` IS NOT NULL
AND `end_date` IS NOT NULL
AND `start_date` <= :start_date:
AND `end_date` >= :end_date:
 LIMIT 1', [...], false)
 5 SYSTEMPATH\Model.php(330): CodeIgniter\Database\BaseBuilder->get()
 6 SYSTEMPATH\BaseModel.php(715): CodeIgniter\Model->doFirst()
 7 APPPATH\Models\TermModel.php(43): CodeIgniter\BaseModel->first()
 8 APPPATH\Models\TermModel.php(75): App\Models\TermModel->getActiveTerm()
 9 APPPATH\Controllers\Dashboard.php(25): App\Models\TermModel->getCurrentAcademicPeriod()
10 SYSTEMPATH\CodeIgniter.php(933): App\Controllers\Dashboard->index()
11 SYSTEMPATH\CodeIgniter.php(507): CodeIgniter\CodeIgniter->runController(Object(App\Controllers\Dashboard))
12 SYSTEMPATH\CodeIgniter.php(354): CodeIgniter\CodeIgniter->handleRequest(null, Object(Config\Cache), false)
13 SYSTEMPATH\Boot.php(363): CodeIgniter\CodeIgniter->run()
14 SYSTEMPATH\Boot.php(68): CodeIgniter\Boot::runCodeIgniter(Object(CodeIgniter\CodeIgniter))
15 FCPATH\index.php(59): CodeIgniter\Boot::bootWeb(Object(Config\Paths))
ERROR - 2025-12-06 02:10:16 --> mysqli_sql_exception: Table 'lms_galorpot.terms' doesn't exist in F:\xammp\htdocs\ITE311-GALORPOT\system\Database\MySQLi\Connection.php:327
Stack trace:
#0 F:\xammp\htdocs\ITE311-GALORPOT\system\Database\MySQLi\Connection.php(327): mysqli->query('SELECT *\nFROM `...', 0)
#1 F:\xammp\htdocs\ITE311-GALORPOT\system\Database\BaseConnection.php(729): CodeIgniter\Database\MySQLi\Connection->execute('SELECT *\nFROM `...')
#2 F:\xammp\htdocs\ITE311-GALORPOT\system\Database\BaseConnection.php(646): CodeIgniter\Database\BaseConnection->simpleQuery('SELECT *\nFROM `...')
#3 F:\xammp\htdocs\ITE311-GALORPOT\system\Database\BaseBuilder.php(1649): CodeIgniter\Database\BaseConnection->query('SELECT *\nFROM `...', Array, false)
#4 F:\xammp\htdocs\ITE311-GALORPOT\system\Model.php(330): CodeIgniter\Database\BaseBuilder->get()
#5 F:\xammp\htdocs\ITE311-GALORPOT\system\BaseModel.php(715): CodeIgniter\Model->doFirst()
#6 F:\xammp\htdocs\ITE311-GALORPOT\app\Models\TermModel.php(44): CodeIgniter\BaseModel->first()
#7 F:\xammp\htdocs\ITE311-GALORPOT\app\Models\TermModel.php(81): App\Models\TermModel->getActiveTerm()
#8 F:\xammp\htdocs\ITE311-GALORPOT\app\Controllers\Dashboard.php(27): App\Models\TermModel->getCurrentAcademicPeriod()
#9 F:\xammp\htdocs\ITE311-GALORPOT\system\CodeIgniter.php(933): App\Controllers\Dashboard->index()
#10 F:\xammp\htdocs\ITE311-GALORPOT\system\CodeIgniter.php(507): CodeIgniter\CodeIgniter->runController(Object(App\Controllers\Dashboard))
#11 F:\xammp\htdocs\ITE311-GALORPOT\system\CodeIgniter.php(354): CodeIgniter\CodeIgniter->handleRequest(NULL, Object(Config\Cache), false)
#12 F:\xammp\htdocs\ITE311-GALORPOT\system\Boot.php(363): CodeIgniter\CodeIgniter->run()
#13 F:\xammp\htdocs\ITE311-GALORPOT\system\Boot.php(68): CodeIgniter\Boot::runCodeIgniter(Object(CodeIgniter\CodeIgniter))
#14 F:\xammp\htdocs\ITE311-GALORPOT\index.php(59): CodeIgniter\Boot::bootWeb(Object(Config\Paths))
#15 {main}
ERROR - 2025-12-06 02:10:29 --> mysqli_sql_exception: Table 'lms_galorpot.school_years' doesn't exist in F:\xammp\htdocs\ITE311-GALORPOT\system\Database\MySQLi\Connection.php:327
Stack trace:
#0 F:\xammp\htdocs\ITE311-GALORPOT\system\Database\MySQLi\Connection.php(327): mysqli->query('SELECT *\nFROM `...', 0)
#1 F:\xammp\htdocs\ITE311-GALORPOT\system\Database\BaseConnection.php(729): CodeIgniter\Database\MySQLi\Connection->execute('SELECT *\nFROM `...')
#2 F:\xammp\htdocs\ITE311-GALORPOT\system\Database\BaseConnection.php(646): CodeIgniter\Database\BaseConnection->simpleQuery('SELECT *\nFROM `...')
#3 F:\xammp\htdocs\ITE311-GALORPOT\system\Database\BaseBuilder.php(1649): CodeIgniter\Database\BaseConnection->query('SELECT *\nFROM `...', Array, false)
#4 F:\xammp\htdocs\ITE311-GALORPOT\system\Model.php(286): CodeIgniter\Database\BaseBuilder->get()
#5 F:\xammp\htdocs\ITE311-GALORPOT\system\BaseModel.php(677): CodeIgniter\Model->doFindAll(0, 0)
#6 F:\xammp\htdocs\ITE311-GALORPOT\app\Controllers\AcademicController.php(45): CodeIgniter\BaseModel->findAll()
#7 F:\xammp\htdocs\ITE311-GALORPOT\system\CodeIgniter.php(933): App\Controllers\AcademicController->index()
#8 F:\xammp\htdocs\ITE311-GALORPOT\system\CodeIgniter.php(507): CodeIgniter\CodeIgniter->runController(Object(App\Controllers\AcademicController))
#9 F:\xammp\htdocs\ITE311-GALORPOT\system\CodeIgniter.php(354): CodeIgniter\CodeIgniter->handleRequest(NULL, Object(Config\Cache), false)
#10 F:\xammp\htdocs\ITE311-GALORPOT\system\Boot.php(363): CodeIgniter\CodeIgniter->run()
#11 F:\xammp\htdocs\ITE311-GALORPOT\system\Boot.php(68): CodeIgniter\Boot::runCodeIgniter(Object(CodeIgniter\CodeIgniter))
#12 F:\xammp\htdocs\ITE311-GALORPOT\index.php(59): CodeIgniter\Boot::bootWeb(Object(Config\Paths))
#13 {main}
CRITICAL - 2025-12-06 02:10:29 --> CodeIgniter\Database\Exceptions\DatabaseException: Table 'lms_galorpot.school_years' doesn't exist
[Method: GET, Route: academic]
in SYSTEMPATH\Database\BaseConnection.php on line 684.
 1 SYSTEMPATH\Database\BaseBuilder.php(1649): CodeIgniter\Database\BaseConnection->query('SELECT *
FROM `school_years`
ORDER BY `school_year` DESC', [], false)
 2 SYSTEMPATH\Model.php(286): CodeIgniter\Database\BaseBuilder->get()
 3 SYSTEMPATH\BaseModel.php(677): CodeIgniter\Model->doFindAll(0, 0)
 4 APPPATH\Controllers\AcademicController.php(45): CodeIgniter\BaseModel->findAll()
 5 SYSTEMPATH\CodeIgniter.php(933): App\Controllers\AcademicController->index()
 6 SYSTEMPATH\CodeIgniter.php(507): CodeIgniter\CodeIgniter->runController(Object(App\Controllers\AcademicController))
 7 SYSTEMPATH\CodeIgniter.php(354): CodeIgniter\CodeIgniter->handleRequest(null, Object(Config\Cache), false)
 8 SYSTEMPATH\Boot.php(363): CodeIgniter\CodeIgniter->run()
 9 SYSTEMPATH\Boot.php(68): CodeIgniter\Boot::runCodeIgniter(Object(CodeIgniter\CodeIgniter))
10 FCPATH\index.php(59): CodeIgniter\Boot::bootWeb(Object(Config\Paths))
CRITICAL - 2025-12-06 02:10:29 --> [Caused by] CodeIgniter\Database\Exceptions\DatabaseException: Table 'lms_galorpot.school_years' doesn't exist
in SYSTEMPATH\Database\MySQLi\Connection.php on line 332.
 1 SYSTEMPATH\Database\BaseConnection.php(729): CodeIgniter\Database\MySQLi\Connection->execute('SELECT *
FROM `school_years`
ORDER BY `school_year` DESC')
 2 SYSTEMPATH\Database\BaseConnection.php(646): CodeIgniter\Database\BaseConnection->simpleQuery('SELECT *
FROM `school_years`
ORDER BY `school_year` DESC')
 3 SYSTEMPATH\Database\BaseBuilder.php(1649): CodeIgniter\Database\BaseConnection->query('SELECT *
FROM `school_years`
ORDER BY `school_year` DESC', [], false)
 4 SYSTEMPATH\Model.php(286): CodeIgniter\Database\BaseBuilder->get()
 5 SYSTEMPATH\BaseModel.php(677): CodeIgniter\Model->doFindAll(0, 0)
 6 APPPATH\Controllers\AcademicController.php(45): CodeIgniter\BaseModel->findAll()
 7 SYSTEMPATH\CodeIgniter.php(933): App\Controllers\AcademicController->index()
 8 SYSTEMPATH\CodeIgniter.php(507): CodeIgniter\CodeIgniter->runController(Object(App\Controllers\AcademicController))
 9 SYSTEMPATH\CodeIgniter.php(354): CodeIgniter\CodeIgniter->handleRequest(null, Object(Config\Cache), false)
10 SYSTEMPATH\Boot.php(363): CodeIgniter\CodeIgniter->run()
11 SYSTEMPATH\Boot.php(68): CodeIgniter\Boot::runCodeIgniter(Object(CodeIgniter\CodeIgniter))
12 FCPATH\index.php(59): CodeIgniter\Boot::bootWeb(Object(Config\Paths))
CRITICAL - 2025-12-06 02:10:29 --> [Caused by] mysqli_sql_exception: Table 'lms_galorpot.school_years' doesn't exist
in SYSTEMPATH\Database\MySQLi\Connection.php on line 327.
 1 SYSTEMPATH\Database\MySQLi\Connection.php(327): mysqli->query('SELECT *
FROM `school_years`
ORDER BY `school_year` DESC', 0)
 2 SYSTEMPATH\Database\BaseConnection.php(729): CodeIgniter\Database\MySQLi\Connection->execute('SELECT *
FROM `school_years`
ORDER BY `school_year` DESC')
 3 SYSTEMPATH\Database\BaseConnection.php(646): CodeIgniter\Database\BaseConnection->simpleQuery('SELECT *
FROM `school_years`
ORDER BY `school_year` DESC')
 4 SYSTEMPATH\Database\BaseBuilder.php(1649): CodeIgniter\Database\BaseConnection->query('SELECT *
FROM `school_years`
ORDER BY `school_year` DESC', [], false)
 5 SYSTEMPATH\Model.php(286): CodeIgniter\Database\BaseBuilder->get()
 6 SYSTEMPATH\BaseModel.php(677): CodeIgniter\Model->doFindAll(0, 0)
 7 APPPATH\Controllers\AcademicController.php(45): CodeIgniter\BaseModel->findAll()
 8 SYSTEMPATH\CodeIgniter.php(933): App\Controllers\AcademicController->index()
 9 SYSTEMPATH\CodeIgniter.php(507): CodeIgniter\CodeIgniter->runController(Object(App\Controllers\AcademicController))
10 SYSTEMPATH\CodeIgniter.php(354): CodeIgniter\CodeIgniter->handleRequest(null, Object(Config\Cache), false)
11 SYSTEMPATH\Boot.php(363): CodeIgniter\CodeIgniter->run()
12 SYSTEMPATH\Boot.php(68): CodeIgniter\Boot::runCodeIgniter(Object(CodeIgniter\CodeIgniter))
13 FCPATH\index.php(59): CodeIgniter\Boot::bootWeb(Object(Config\Paths))
ERROR - 2025-12-06 02:10:37 --> mysqli_sql_exception: Table 'lms_galorpot.school_years' doesn't exist in F:\xammp\htdocs\ITE311-GALORPOT\system\Database\MySQLi\Connection.php:327
Stack trace:
#0 F:\xammp\htdocs\ITE311-GALORPOT\system\Database\MySQLi\Connection.php(327): mysqli->query('SELECT *\nFROM `...', 0)
#1 F:\xammp\htdocs\ITE311-GALORPOT\system\Database\BaseConnection.php(729): CodeIgniter\Database\MySQLi\Connection->execute('SELECT *\nFROM `...')
#2 F:\xammp\htdocs\ITE311-GALORPOT\system\Database\BaseConnection.php(646): CodeIgniter\Database\BaseConnection->simpleQuery('SELECT *\nFROM `...')
#3 F:\xammp\htdocs\ITE311-GALORPOT\system\Database\BaseBuilder.php(1649): CodeIgniter\Database\BaseConnection->query('SELECT *\nFROM `...', Array, false)
#4 F:\xammp\htdocs\ITE311-GALORPOT\system\Model.php(286): CodeIgniter\Database\BaseBuilder->get()
#5 F:\xammp\htdocs\ITE311-GALORPOT\system\BaseModel.php(677): CodeIgniter\Model->doFindAll(0, 0)
#6 F:\xammp\htdocs\ITE311-GALORPOT\app\Controllers\AcademicController.php(45): CodeIgniter\BaseModel->findAll()
#7 F:\xammp\htdocs\ITE311-GALORPOT\system\CodeIgniter.php(933): App\Controllers\AcademicController->index()
#8 F:\xammp\htdocs\ITE311-GALORPOT\system\CodeIgniter.php(507): CodeIgniter\CodeIgniter->runController(Object(App\Controllers\AcademicController))
#9 F:\xammp\htdocs\ITE311-GALORPOT\system\CodeIgniter.php(354): CodeIgniter\CodeIgniter->handleRequest(NULL, Object(Config\Cache), false)
#10 F:\xammp\htdocs\ITE311-GALORPOT\system\Boot.php(363): CodeIgniter\CodeIgniter->run()
#11 F:\xammp\htdocs\ITE311-GALORPOT\system\Boot.php(68): CodeIgniter\Boot::runCodeIgniter(Object(CodeIgniter\CodeIgniter))
#12 F:\xammp\htdocs\ITE311-GALORPOT\index.php(59): CodeIgniter\Boot::bootWeb(Object(Config\Paths))
#13 {main}
CRITICAL - 2025-12-06 02:10:37 --> CodeIgniter\Database\Exceptions\DatabaseException: Table 'lms_galorpot.school_years' doesn't exist
[Method: GET, Route: academic]
in SYSTEMPATH\Database\BaseConnection.php on line 684.
 1 SYSTEMPATH\Database\BaseBuilder.php(1649): CodeIgniter\Database\BaseConnection->query('SELECT *
FROM `school_years`
ORDER BY `school_year` DESC', [], false)
 2 SYSTEMPATH\Model.php(286): CodeIgniter\Database\BaseBuilder->get()
 3 SYSTEMPATH\BaseModel.php(677): CodeIgniter\Model->doFindAll(0, 0)
 4 APPPATH\Controllers\AcademicController.php(45): CodeIgniter\BaseModel->findAll()
 5 SYSTEMPATH\CodeIgniter.php(933): App\Controllers\AcademicController->index()
 6 SYSTEMPATH\CodeIgniter.php(507): CodeIgniter\CodeIgniter->runController(Object(App\Controllers\AcademicController))
 7 SYSTEMPATH\CodeIgniter.php(354): CodeIgniter\CodeIgniter->handleRequest(null, Object(Config\Cache), false)
 8 SYSTEMPATH\Boot.php(363): CodeIgniter\CodeIgniter->run()
 9 SYSTEMPATH\Boot.php(68): CodeIgniter\Boot::runCodeIgniter(Object(CodeIgniter\CodeIgniter))
10 FCPATH\index.php(59): CodeIgniter\Boot::bootWeb(Object(Config\Paths))
CRITICAL - 2025-12-06 02:10:37 --> [Caused by] CodeIgniter\Database\Exceptions\DatabaseException: Table 'lms_galorpot.school_years' doesn't exist
in SYSTEMPATH\Database\MySQLi\Connection.php on line 332.
 1 SYSTEMPATH\Database\BaseConnection.php(729): CodeIgniter\Database\MySQLi\Connection->execute('SELECT *
FROM `school_years`
ORDER BY `school_year` DESC')
 2 SYSTEMPATH\Database\BaseConnection.php(646): CodeIgniter\Database\BaseConnection->simpleQuery('SELECT *
FROM `school_years`
ORDER BY `school_year` DESC')
 3 SYSTEMPATH\Database\BaseBuilder.php(1649): CodeIgniter\Database\BaseConnection->query('SELECT *
FROM `school_years`
ORDER BY `school_year` DESC', [], false)
 4 SYSTEMPATH\Model.php(286): CodeIgniter\Database\BaseBuilder->get()
 5 SYSTEMPATH\BaseModel.php(677): CodeIgniter\Model->doFindAll(0, 0)
 6 APPPATH\Controllers\AcademicController.php(45): CodeIgniter\BaseModel->findAll()
 7 SYSTEMPATH\CodeIgniter.php(933): App\Controllers\AcademicController->index()
 8 SYSTEMPATH\CodeIgniter.php(507): CodeIgniter\CodeIgniter->runController(Object(App\Controllers\AcademicController))
 9 SYSTEMPATH\CodeIgniter.php(354): CodeIgniter\CodeIgniter->handleRequest(null, Object(Config\Cache), false)
10 SYSTEMPATH\Boot.php(363): CodeIgniter\CodeIgniter->run()
11 SYSTEMPATH\Boot.php(68): CodeIgniter\Boot::runCodeIgniter(Object(CodeIgniter\CodeIgniter))
12 FCPATH\index.php(59): CodeIgniter\Boot::bootWeb(Object(Config\Paths))
CRITICAL - 2025-12-06 02:10:37 --> [Caused by] mysqli_sql_exception: Table 'lms_galorpot.school_years' doesn't exist
in SYSTEMPATH\Database\MySQLi\Connection.php on line 327.
 1 SYSTEMPATH\Database\MySQLi\Connection.php(327): mysqli->query('SELECT *
FROM `school_years`
ORDER BY `school_year` DESC', 0)
 2 SYSTEMPATH\Database\BaseConnection.php(729): CodeIgniter\Database\MySQLi\Connection->execute('SELECT *
FROM `school_years`
ORDER BY `school_year` DESC')
 3 SYSTEMPATH\Database\BaseConnection.php(646): CodeIgniter\Database\BaseConnection->simpleQuery('SELECT *
FROM `school_years`
ORDER BY `school_year` DESC')
 4 SYSTEMPATH\Database\BaseBuilder.php(1649): CodeIgniter\Database\BaseConnection->query('SELECT *
FROM `school_years`
ORDER BY `school_year` DESC', [], false)
 5 SYSTEMPATH\Model.php(286): CodeIgniter\Database\BaseBuilder->get()
 6 SYSTEMPATH\BaseModel.php(677): CodeIgniter\Model->doFindAll(0, 0)
 7 APPPATH\Controllers\AcademicController.php(45): CodeIgniter\BaseModel->findAll()
 8 SYSTEMPATH\CodeIgniter.php(933): App\Controllers\AcademicController->index()
 9 SYSTEMPATH\CodeIgniter.php(507): CodeIgniter\CodeIgniter->runController(Object(App\Controllers\AcademicController))
10 SYSTEMPATH\CodeIgniter.php(354): CodeIgniter\CodeIgniter->handleRequest(null, Object(Config\Cache), false)
11 SYSTEMPATH\Boot.php(363): CodeIgniter\CodeIgniter->run()
12 SYSTEMPATH\Boot.php(68): CodeIgniter\Boot::runCodeIgniter(Object(CodeIgniter\CodeIgniter))
13 FCPATH\index.php(59): CodeIgniter\Boot::bootWeb(Object(Config\Paths))
CRITICAL - 2025-12-06 02:23:26 --> Error: Call to undefined function set_value()
[Method: GET, Route: academic]
in APPPATH\Views\academic\index.php on line 64.
 1 SYSTEMPATH\View\View.php(226): include()
 2 SYSTEMPATH\View\View.php(229): CodeIgniter\View\View->CodeIgniter\View\{closure}()
 3 SYSTEMPATH\Common.php(1167): CodeIgniter\View\View->render('academic/index', [], true)
 4 APPPATH\Controllers\AcademicController.php(67): view('academic/index', [...])
 5 SYSTEMPATH\CodeIgniter.php(933): App\Controllers\AcademicController->index()
 6 SYSTEMPATH\CodeIgniter.php(507): CodeIgniter\CodeIgniter->runController(Object(App\Controllers\AcademicController))
 7 SYSTEMPATH\CodeIgniter.php(354): CodeIgniter\CodeIgniter->handleRequest(null, Object(Config\Cache), false)
 8 SYSTEMPATH\Boot.php(363): CodeIgniter\CodeIgniter->run()
 9 SYSTEMPATH\Boot.php(68): CodeIgniter\Boot::runCodeIgniter(Object(CodeIgniter\CodeIgniter))
10 FCPATH\index.php(59): CodeIgniter\Boot::bootWeb(Object(Config\Paths))
CRITICAL - 2025-12-06 02:26:57 --> Error: Call to undefined function set_value()
[Method: GET, Route: academic]
in APPPATH\Views\academic\index.php on line 64.
 1 SYSTEMPATH\View\View.php(226): include()
 2 SYSTEMPATH\View\View.php(229): CodeIgniter\View\View->CodeIgniter\View\{closure}()
 3 SYSTEMPATH\Common.php(1167): CodeIgniter\View\View->render('academic/index', [], true)
 4 APPPATH\Controllers\AcademicController.php(91): view('academic/index', [...])
 5 SYSTEMPATH\CodeIgniter.php(933): App\Controllers\AcademicController->index()
 6 SYSTEMPATH\CodeIgniter.php(507): CodeIgniter\CodeIgniter->runController(Object(App\Controllers\AcademicController))
 7 SYSTEMPATH\CodeIgniter.php(354): CodeIgniter\CodeIgniter->handleRequest(null, Object(Config\Cache), false)
 8 SYSTEMPATH\Boot.php(363): CodeIgniter\CodeIgniter->run()
 9 SYSTEMPATH\Boot.php(68): CodeIgniter\Boot::runCodeIgniter(Object(CodeIgniter\CodeIgniter))
10 FCPATH\index.php(59): CodeIgniter\Boot::bootWeb(Object(Config\Paths))
CRITICAL - 2025-12-06 02:26:58 --> Error: Call to undefined function set_value()
[Method: GET, Route: academic]
in APPPATH\Views\academic\index.php on line 64.
 1 SYSTEMPATH\View\View.php(226): include()
 2 SYSTEMPATH\View\View.php(229): CodeIgniter\View\View->CodeIgniter\View\{closure}()
 3 SYSTEMPATH\Common.php(1167): CodeIgniter\View\View->render('academic/index', [], true)
 4 APPPATH\Controllers\AcademicController.php(91): view('academic/index', [...])
 5 SYSTEMPATH\CodeIgniter.php(933): App\Controllers\AcademicController->index()
 6 SYSTEMPATH\CodeIgniter.php(507): CodeIgniter\CodeIgniter->runController(Object(App\Controllers\AcademicController))
 7 SYSTEMPATH\CodeIgniter.php(354): CodeIgniter\CodeIgniter->handleRequest(null, Object(Config\Cache), false)
 8 SYSTEMPATH\Boot.php(363): CodeIgniter\CodeIgniter->run()
 9 SYSTEMPATH\Boot.php(68): CodeIgniter\Boot::runCodeIgniter(Object(CodeIgniter\CodeIgniter))
10 FCPATH\index.php(59): CodeIgniter\Boot::bootWeb(Object(Config\Paths))
CRITICAL - 2025-12-06 02:27:13 --> Error: Call to undefined function set_value()
[Method: GET, Route: academic]
in APPPATH\Views\academic\index.php on line 64.
 1 SYSTEMPATH\View\View.php(226): include()
 2 SYSTEMPATH\View\View.php(229): CodeIgniter\View\View->CodeIgniter\View\{closure}()
 3 SYSTEMPATH\Common.php(1167): CodeIgniter\View\View->render('academic/index', [], true)
 4 APPPATH\Controllers\AcademicController.php(91): view('academic/index', [...])
 5 SYSTEMPATH\CodeIgniter.php(933): App\Controllers\AcademicController->index()
 6 SYSTEMPATH\CodeIgniter.php(507): CodeIgniter\CodeIgniter->runController(Object(App\Controllers\AcademicController))
 7 SYSTEMPATH\CodeIgniter.php(354): CodeIgniter\CodeIgniter->handleRequest(null, Object(Config\Cache), false)
 8 SYSTEMPATH\Boot.php(363): CodeIgniter\CodeIgniter->run()
 9 SYSTEMPATH\Boot.php(68): CodeIgniter\Boot::runCodeIgniter(Object(CodeIgniter\CodeIgniter))
10 FCPATH\index.php(59): CodeIgniter\Boot::bootWeb(Object(Config\Paths))
CRITICAL - 2025-12-06 02:27:17 --> Error: Call to undefined function set_value()
[Method: GET, Route: academic]
in APPPATH\Views\academic\index.php on line 64.
 1 SYSTEMPATH\View\View.php(226): include()
 2 SYSTEMPATH\View\View.php(229): CodeIgniter\View\View->CodeIgniter\View\{closure}()
 3 SYSTEMPATH\Common.php(1167): CodeIgniter\View\View->render('academic/index', [], true)
 4 APPPATH\Controllers\AcademicController.php(91): view('academic/index', [...])
 5 SYSTEMPATH\CodeIgniter.php(933): App\Controllers\AcademicController->index()
 6 SYSTEMPATH\CodeIgniter.php(507): CodeIgniter\CodeIgniter->runController(Object(App\Controllers\AcademicController))
 7 SYSTEMPATH\CodeIgniter.php(354): CodeIgniter\CodeIgniter->handleRequest(null, Object(Config\Cache), false)
 8 SYSTEMPATH\Boot.php(363): CodeIgniter\CodeIgniter->run()
 9 SYSTEMPATH\Boot.php(68): CodeIgniter\Boot::runCodeIgniter(Object(CodeIgniter\CodeIgniter))
10 FCPATH\index.php(59): CodeIgniter\Boot::bootWeb(Object(Config\Paths))
CRITICAL - 2025-12-06 02:27:33 --> Error: Call to undefined function set_value()
[Method: GET, Route: academic]
in APPPATH\Views\academic\index.php on line 64.
 1 SYSTEMPATH\View\View.php(226): include()
 2 SYSTEMPATH\View\View.php(229): CodeIgniter\View\View->CodeIgniter\View\{closure}()
 3 SYSTEMPATH\Common.php(1167): CodeIgniter\View\View->render('academic/index', [], true)
 4 APPPATH\Controllers\AcademicController.php(91): view('academic/index', [...])
 5 SYSTEMPATH\CodeIgniter.php(933): App\Controllers\AcademicController->index()
 6 SYSTEMPATH\CodeIgniter.php(507): CodeIgniter\CodeIgniter->runController(Object(App\Controllers\AcademicController))
 7 SYSTEMPATH\CodeIgniter.php(354): CodeIgniter\CodeIgniter->handleRequest(null, Object(Config\Cache), false)
 8 SYSTEMPATH\Boot.php(363): CodeIgniter\CodeIgniter->run()
 9 SYSTEMPATH\Boot.php(68): CodeIgniter\Boot::runCodeIgniter(Object(CodeIgniter\CodeIgniter))
10 FCPATH\index.php(59): CodeIgniter\Boot::bootWeb(Object(Config\Paths))
CRITICAL - 2025-12-06 02:28:00 --> Error: Call to undefined function set_value()
[Method: GET, Route: academic]
in APPPATH\Views\academic\index.php on line 64.
 1 SYSTEMPATH\View\View.php(226): include()
 2 SYSTEMPATH\View\View.php(229): CodeIgniter\View\View->CodeIgniter\View\{closure}()
 3 SYSTEMPATH\Common.php(1167): CodeIgniter\View\View->render('academic/index', [], true)
 4 APPPATH\Controllers\AcademicController.php(91): view('academic/index', [...])
 5 SYSTEMPATH\CodeIgniter.php(933): App\Controllers\AcademicController->index()
 6 SYSTEMPATH\CodeIgniter.php(507): CodeIgniter\CodeIgniter->runController(Object(App\Controllers\AcademicController))
 7 SYSTEMPATH\CodeIgniter.php(354): CodeIgniter\CodeIgniter->handleRequest(null, Object(Config\Cache), false)
 8 SYSTEMPATH\Boot.php(363): CodeIgniter\CodeIgniter->run()
 9 SYSTEMPATH\Boot.php(68): CodeIgniter\Boot::runCodeIgniter(Object(CodeIgniter\CodeIgniter))
10 FCPATH\index.php(59): CodeIgniter\Boot::bootWeb(Object(Config\Paths))
CRITICAL - 2025-12-06 02:28:00 --> Error: Call to undefined function set_value()
[Method: GET, Route: academic]
in APPPATH\Views\academic\index.php on line 64.
 1 SYSTEMPATH\View\View.php(226): include()
 2 SYSTEMPATH\View\View.php(229): CodeIgniter\View\View->CodeIgniter\View\{closure}()
 3 SYSTEMPATH\Common.php(1167): CodeIgniter\View\View->render('academic/index', [], true)
 4 APPPATH\Controllers\AcademicController.php(91): view('academic/index', [...])
 5 SYSTEMPATH\CodeIgniter.php(933): App\Controllers\AcademicController->index()
 6 SYSTEMPATH\CodeIgniter.php(507): CodeIgniter\CodeIgniter->runController(Object(App\Controllers\AcademicController))
 7 SYSTEMPATH\CodeIgniter.php(354): CodeIgniter\CodeIgniter->handleRequest(null, Object(Config\Cache), false)
 8 SYSTEMPATH\Boot.php(363): CodeIgniter\CodeIgniter->run()
 9 SYSTEMPATH\Boot.php(68): CodeIgniter\Boot::runCodeIgniter(Object(CodeIgniter\CodeIgniter))
10 FCPATH\index.php(59): CodeIgniter\Boot::bootWeb(Object(Config\Paths))
CRITICAL - 2025-12-06 02:28:01 --> Error: Call to undefined function set_value()
[Method: GET, Route: academic]
in APPPATH\Views\academic\index.php on line 64.
 1 SYSTEMPATH\View\View.php(226): include()
 2 SYSTEMPATH\View\View.php(229): CodeIgniter\View\View->CodeIgniter\View\{closure}()
 3 SYSTEMPATH\Common.php(1167): CodeIgniter\View\View->render('academic/index', [], true)
 4 APPPATH\Controllers\AcademicController.php(91): view('academic/index', [...])
 5 SYSTEMPATH\CodeIgniter.php(933): App\Controllers\AcademicController->index()
 6 SYSTEMPATH\CodeIgniter.php(507): CodeIgniter\CodeIgniter->runController(Object(App\Controllers\AcademicController))
 7 SYSTEMPATH\CodeIgniter.php(354): CodeIgniter\CodeIgniter->handleRequest(null, Object(Config\Cache), false)
 8 SYSTEMPATH\Boot.php(363): CodeIgniter\CodeIgniter->run()
 9 SYSTEMPATH\Boot.php(68): CodeIgniter\Boot::runCodeIgniter(Object(CodeIgniter\CodeIgniter))
10 FCPATH\index.php(59): CodeIgniter\Boot::bootWeb(Object(Config\Paths))
CRITICAL - 2025-12-06 02:28:02 --> Error: Call to undefined function set_value()
[Method: GET, Route: academic]
in APPPATH\Views\academic\index.php on line 64.
 1 SYSTEMPATH\View\View.php(226): include()
 2 SYSTEMPATH\View\View.php(229): CodeIgniter\View\View->CodeIgniter\View\{closure}()
 3 SYSTEMPATH\Common.php(1167): CodeIgniter\View\View->render('academic/index', [], true)
 4 APPPATH\Controllers\AcademicController.php(91): view('academic/index', [...])
 5 SYSTEMPATH\CodeIgniter.php(933): App\Controllers\AcademicController->index()
 6 SYSTEMPATH\CodeIgniter.php(507): CodeIgniter\CodeIgniter->runController(Object(App\Controllers\AcademicController))
 7 SYSTEMPATH\CodeIgniter.php(354): CodeIgniter\CodeIgniter->handleRequest(null, Object(Config\Cache), false)
 8 SYSTEMPATH\Boot.php(363): CodeIgniter\CodeIgniter->run()
 9 SYSTEMPATH\Boot.php(68): CodeIgniter\Boot::runCodeIgniter(Object(CodeIgniter\CodeIgniter))
10 FCPATH\index.php(59): CodeIgniter\Boot::bootWeb(Object(Config\Paths))
ERROR - 2025-12-06 02:49:41 --> Method is not POST, redirecting...
ERROR - 2025-12-06 02:51:51 --> Method is not POST, redirecting... Method was: POST
ERROR - 2025-12-06 03:06:21 --> Method is not POST, redirecting... Method was: POST
ERROR - 2025-12-06 03:26:58 --> mysqli_sql_exception: Unknown column 'enrollments.status' in 'where clause' in F:\xammp\htdocs\ITE311-GALORPOT\system\Database\MySQLi\Connection.php:327
Stack trace:
#0 F:\xammp\htdocs\ITE311-GALORPOT\system\Database\MySQLi\Connection.php(327): mysqli->query('SELECT `enrollm...', 0)
#1 F:\xammp\htdocs\ITE311-GALORPOT\system\Database\BaseConnection.php(729): CodeIgniter\Database\MySQLi\Connection->execute('SELECT `enrollm...')
#2 F:\xammp\htdocs\ITE311-GALORPOT\system\Database\BaseConnection.php(646): CodeIgniter\Database\BaseConnection->simpleQuery('SELECT `enrollm...')
#3 F:\xammp\htdocs\ITE311-GALORPOT\system\Database\BaseBuilder.php(1649): CodeIgniter\Database\BaseConnection->query('SELECT `enrollm...', Array, false)
#4 F:\xammp\htdocs\ITE311-GALORPOT\system\Model.php(286): CodeIgniter\Database\BaseBuilder->get()
#5 F:\xammp\htdocs\ITE311-GALORPOT\system\BaseModel.php(677): CodeIgniter\Model->doFindAll(0, 0)
#6 F:\xammp\htdocs\ITE311-GALORPOT\app\Models\EnrollmentModel.php(139): CodeIgniter\BaseModel->findAll()
#7 F:\xammp\htdocs\ITE311-GALORPOT\app\Controllers\Dashboard.php(121): App\Models\EnrollmentModel->getStudentEnrollmentsForActiveTerm(2)
#8 F:\xammp\htdocs\ITE311-GALORPOT\system\CodeIgniter.php(933): App\Controllers\Dashboard->index()
#9 F:\xammp\htdocs\ITE311-GALORPOT\system\CodeIgniter.php(507): CodeIgniter\CodeIgniter->runController(Object(App\Controllers\Dashboard))
#10 F:\xammp\htdocs\ITE311-GALORPOT\system\CodeIgniter.php(354): CodeIgniter\CodeIgniter->handleRequest(NULL, Object(Config\Cache), false)
#11 F:\xammp\htdocs\ITE311-GALORPOT\system\Boot.php(363): CodeIgniter\CodeIgniter->run()
#12 F:\xammp\htdocs\ITE311-GALORPOT\system\Boot.php(68): CodeIgniter\Boot::runCodeIgniter(Object(CodeIgniter\CodeIgniter))
#13 F:\xammp\htdocs\ITE311-GALORPOT\index.php(59): CodeIgniter\Boot::bootWeb(Object(Config\Paths))
#14 {main}
ERROR - 2025-12-06 03:26:58 --> mysqli_sql_exception: Unknown column 'enrollments.status' in 'where clause' in F:\xammp\htdocs\ITE311-GALORPOT\system\Database\MySQLi\Connection.php:327
Stack trace:
#0 F:\xammp\htdocs\ITE311-GALORPOT\system\Database\MySQLi\Connection.php(327): mysqli->query('SELECT `enrollm...', 0)
#1 F:\xammp\htdocs\ITE311-GALORPOT\system\Database\BaseConnection.php(729): CodeIgniter\Database\MySQLi\Connection->execute('SELECT `enrollm...')
#2 F:\xammp\htdocs\ITE311-GALORPOT\system\Database\BaseConnection.php(646): CodeIgniter\Database\BaseConnection->simpleQuery('SELECT `enrollm...')
#3 F:\xammp\htdocs\ITE311-GALORPOT\system\Database\BaseBuilder.php(1649): CodeIgniter\Database\BaseConnection->query('SELECT `enrollm...', Array, false)
#4 F:\xammp\htdocs\ITE311-GALORPOT\system\Model.php(286): CodeIgniter\Database\BaseBuilder->get()
#5 F:\xammp\htdocs\ITE311-GALORPOT\system\BaseModel.php(677): CodeIgniter\Model->doFindAll(0, 0)
#6 F:\xammp\htdocs\ITE311-GALORPOT\app\Models\EnrollmentModel.php(139): CodeIgniter\BaseModel->findAll()
#7 F:\xammp\htdocs\ITE311-GALORPOT\app\Controllers\Dashboard.php(121): App\Models\EnrollmentModel->getStudentEnrollmentsForActiveTerm(2)
#8 F:\xammp\htdocs\ITE311-GALORPOT\system\CodeIgniter.php(933): App\Controllers\Dashboard->index()
#9 F:\xammp\htdocs\ITE311-GALORPOT\system\CodeIgniter.php(507): CodeIgniter\CodeIgniter->runController(Object(App\Controllers\Dashboard))
#10 F:\xammp\htdocs\ITE311-GALORPOT\system\CodeIgniter.php(354): CodeIgniter\CodeIgniter->handleRequest(NULL, Object(Config\Cache), false)
#11 F:\xammp\htdocs\ITE311-GALORPOT\system\Boot.php(363): CodeIgniter\CodeIgniter->run()
#12 F:\xammp\htdocs\ITE311-GALORPOT\system\Boot.php(68): CodeIgniter\Boot::runCodeIgniter(Object(CodeIgniter\CodeIgniter))
#13 F:\xammp\htdocs\ITE311-GALORPOT\index.php(59): CodeIgniter\Boot::bootWeb(Object(Config\Paths))
#14 {main}
ERROR - 2025-12-06 03:26:59 --> mysqli_sql_exception: Unknown column 'enrollments.status' in 'where clause' in F:\xammp\htdocs\ITE311-GALORPOT\system\Database\MySQLi\Connection.php:327
Stack trace:
#0 F:\xammp\htdocs\ITE311-GALORPOT\system\Database\MySQLi\Connection.php(327): mysqli->query('SELECT `enrollm...', 0)
#1 F:\xammp\htdocs\ITE311-GALORPOT\system\Database\BaseConnection.php(729): CodeIgniter\Database\MySQLi\Connection->execute('SELECT `enrollm...')
#2 F:\xammp\htdocs\ITE311-GALORPOT\system\Database\BaseConnection.php(646): CodeIgniter\Database\BaseConnection->simpleQuery('SELECT `enrollm...')
#3 F:\xammp\htdocs\ITE311-GALORPOT\system\Database\BaseBuilder.php(1649): CodeIgniter\Database\BaseConnection->query('SELECT `enrollm...', Array, false)
#4 F:\xammp\htdocs\ITE311-GALORPOT\system\Model.php(286): CodeIgniter\Database\BaseBuilder->get()
#5 F:\xammp\htdocs\ITE311-GALORPOT\system\BaseModel.php(677): CodeIgniter\Model->doFindAll(0, 0)
#6 F:\xammp\htdocs\ITE311-GALORPOT\app\Models\EnrollmentModel.php(139): CodeIgniter\BaseModel->findAll()
#7 F:\xammp\htdocs\ITE311-GALORPOT\app\Controllers\Dashboard.php(121): App\Models\EnrollmentModel->getStudentEnrollmentsForActiveTerm(2)
#8 F:\xammp\htdocs\ITE311-GALORPOT\system\CodeIgniter.php(933): App\Controllers\Dashboard->index()
#9 F:\xammp\htdocs\ITE311-GALORPOT\system\CodeIgniter.php(507): CodeIgniter\CodeIgniter->runController(Object(App\Controllers\Dashboard))
#10 F:\xammp\htdocs\ITE311-GALORPOT\system\CodeIgniter.php(354): CodeIgniter\CodeIgniter->handleRequest(NULL, Object(Config\Cache), false)
#11 F:\xammp\htdocs\ITE311-GALORPOT\system\Boot.php(363): CodeIgniter\CodeIgniter->run()
#12 F:\xammp\htdocs\ITE311-GALORPOT\system\Boot.php(68): CodeIgniter\Boot::runCodeIgniter(Object(CodeIgniter\CodeIgniter))
#13 F:\xammp\htdocs\ITE311-GALORPOT\index.php(59): CodeIgniter\Boot::bootWeb(Object(Config\Paths))
#14 {main}
ERROR - 2025-12-06 03:26:59 --> mysqli_sql_exception: Unknown column 'enrollments.status' in 'where clause' in F:\xammp\htdocs\ITE311-GALORPOT\system\Database\MySQLi\Connection.php:327
Stack trace:
#0 F:\xammp\htdocs\ITE311-GALORPOT\system\Database\MySQLi\Connection.php(327): mysqli->query('SELECT `enrollm...', 0)
#1 F:\xammp\htdocs\ITE311-GALORPOT\system\Database\BaseConnection.php(729): CodeIgniter\Database\MySQLi\Connection->execute('SELECT `enrollm...')
#2 F:\xammp\htdocs\ITE311-GALORPOT\system\Database\BaseConnection.php(646): CodeIgniter\Database\BaseConnection->simpleQuery('SELECT `enrollm...')
#3 F:\xammp\htdocs\ITE311-GALORPOT\system\Database\BaseBuilder.php(1649): CodeIgniter\Database\BaseConnection->query('SELECT `enrollm...', Array, false)
#4 F:\xammp\htdocs\ITE311-GALORPOT\system\Model.php(286): CodeIgniter\Database\BaseBuilder->get()
#5 F:\xammp\htdocs\ITE311-GALORPOT\system\BaseModel.php(677): CodeIgniter\Model->doFindAll(0, 0)
#6 F:\xammp\htdocs\ITE311-GALORPOT\app\Models\EnrollmentModel.php(139): CodeIgniter\BaseModel->findAll()
#7 F:\xammp\htdocs\ITE311-GALORPOT\app\Controllers\Dashboard.php(121): App\Models\EnrollmentModel->getStudentEnrollmentsForActiveTerm(2)
#8 F:\xammp\htdocs\ITE311-GALORPOT\system\CodeIgniter.php(933): App\Controllers\Dashboard->index()
#9 F:\xammp\htdocs\ITE311-GALORPOT\system\CodeIgniter.php(507): CodeIgniter\CodeIgniter->runController(Object(App\Controllers\Dashboard))
#10 F:\xammp\htdocs\ITE311-GALORPOT\system\CodeIgniter.php(354): CodeIgniter\CodeIgniter->handleRequest(NULL, Object(Config\Cache), false)
#11 F:\xammp\htdocs\ITE311-GALORPOT\system\Boot.php(363): CodeIgniter\CodeIgniter->run()
#12 F:\xammp\htdocs\ITE311-GALORPOT\system\Boot.php(68): CodeIgniter\Boot::runCodeIgniter(Object(CodeIgniter\CodeIgniter))
#13 F:\xammp\htdocs\ITE311-GALORPOT\index.php(59): CodeIgniter\Boot::bootWeb(Object(Config\Paths))
#14 {main}
ERROR - 2025-12-06 03:26:59 --> mysqli_sql_exception: Unknown column 'enrollments.status' in 'where clause' in F:\xammp\htdocs\ITE311-GALORPOT\system\Database\MySQLi\Connection.php:327
Stack trace:
#0 F:\xammp\htdocs\ITE311-GALORPOT\system\Database\MySQLi\Connection.php(327): mysqli->query('SELECT `enrollm...', 0)
#1 F:\xammp\htdocs\ITE311-GALORPOT\system\Database\BaseConnection.php(729): CodeIgniter\Database\MySQLi\Connection->execute('SELECT `enrollm...')
#2 F:\xammp\htdocs\ITE311-GALORPOT\system\Database\BaseConnection.php(646): CodeIgniter\Database\BaseConnection->simpleQuery('SELECT `enrollm...')
#3 F:\xammp\htdocs\ITE311-GALORPOT\system\Database\BaseBuilder.php(1649): CodeIgniter\Database\BaseConnection->query('SELECT `enrollm...', Array, false)
#4 F:\xammp\htdocs\ITE311-GALORPOT\system\Model.php(286): CodeIgniter\Database\BaseBuilder->get()
#5 F:\xammp\htdocs\ITE311-GALORPOT\system\BaseModel.php(677): CodeIgniter\Model->doFindAll(0, 0)
#6 F:\xammp\htdocs\ITE311-GALORPOT\app\Models\EnrollmentModel.php(139): CodeIgniter\BaseModel->findAll()
#7 F:\xammp\htdocs\ITE311-GALORPOT\app\Controllers\Dashboard.php(121): App\Models\EnrollmentModel->getStudentEnrollmentsForActiveTerm(2)
#8 F:\xammp\htdocs\ITE311-GALORPOT\system\CodeIgniter.php(933): App\Controllers\Dashboard->index()
#9 F:\xammp\htdocs\ITE311-GALORPOT\system\CodeIgniter.php(507): CodeIgniter\CodeIgniter->runController(Object(App\Controllers\Dashboard))
#10 F:\xammp\htdocs\ITE311-GALORPOT\system\CodeIgniter.php(354): CodeIgniter\CodeIgniter->handleRequest(NULL, Object(Config\Cache), false)
#11 F:\xammp\htdocs\ITE311-GALORPOT\system\Boot.php(363): CodeIgniter\CodeIgniter->run()
#12 F:\xammp\htdocs\ITE311-GALORPOT\system\Boot.php(68): CodeIgniter\Boot::runCodeIgniter(Object(CodeIgniter\CodeIgniter))
#13 F:\xammp\htdocs\ITE311-GALORPOT\index.php(59): CodeIgniter\Boot::bootWeb(Object(Config\Paths))
#14 {main}
ERROR - 2025-12-06 03:26:59 --> mysqli_sql_exception: Unknown column 'enrollments.status' in 'where clause' in F:\xammp\htdocs\ITE311-GALORPOT\system\Database\MySQLi\Connection.php:327
Stack trace:
#0 F:\xammp\htdocs\ITE311-GALORPOT\system\Database\MySQLi\Connection.php(327): mysqli->query('SELECT `enrollm...', 0)
#1 F:\xammp\htdocs\ITE311-GALORPOT\system\Database\BaseConnection.php(729): CodeIgniter\Database\MySQLi\Connection->execute('SELECT `enrollm...')
#2 F:\xammp\htdocs\ITE311-GALORPOT\system\Database\BaseConnection.php(646): CodeIgniter\Database\BaseConnection->simpleQuery('SELECT `enrollm...')
#3 F:\xammp\htdocs\ITE311-GALORPOT\system\Database\BaseBuilder.php(1649): CodeIgniter\Database\BaseConnection->query('SELECT `enrollm...', Array, false)
#4 F:\xammp\htdocs\ITE311-GALORPOT\system\Model.php(286): CodeIgniter\Database\BaseBuilder->get()
#5 F:\xammp\htdocs\ITE311-GALORPOT\system\BaseModel.php(677): CodeIgniter\Model->doFindAll(0, 0)
#6 F:\xammp\htdocs\ITE311-GALORPOT\app\Models\EnrollmentModel.php(139): CodeIgniter\BaseModel->findAll()
#7 F:\xammp\htdocs\ITE311-GALORPOT\app\Controllers\Dashboard.php(121): App\Models\EnrollmentModel->getStudentEnrollmentsForActiveTerm(2)
#8 F:\xammp\htdocs\ITE311-GALORPOT\system\CodeIgniter.php(933): App\Controllers\Dashboard->index()
#9 F:\xammp\htdocs\ITE311-GALORPOT\system\CodeIgniter.php(507): CodeIgniter\CodeIgniter->runController(Object(App\Controllers\Dashboard))
#10 F:\xammp\htdocs\ITE311-GALORPOT\system\CodeIgniter.php(354): CodeIgniter\CodeIgniter->handleRequest(NULL, Object(Config\Cache), false)
#11 F:\xammp\htdocs\ITE311-GALORPOT\system\Boot.php(363): CodeIgniter\CodeIgniter->run()
#12 F:\xammp\htdocs\ITE311-GALORPOT\system\Boot.php(68): CodeIgniter\Boot::runCodeIgniter(Object(CodeIgniter\CodeIgniter))
#13 F:\xammp\htdocs\ITE311-GALORPOT\index.php(59): CodeIgniter\Boot::bootWeb(Object(Config\Paths))
#14 {main}
ERROR - 2025-12-06 03:26:59 --> mysqli_sql_exception: Unknown column 'enrollments.status' in 'where clause' in F:\xammp\htdocs\ITE311-GALORPOT\system\Database\MySQLi\Connection.php:327
Stack trace:
#0 F:\xammp\htdocs\ITE311-GALORPOT\system\Database\MySQLi\Connection.php(327): mysqli->query('SELECT `enrollm...', 0)
#1 F:\xammp\htdocs\ITE311-GALORPOT\system\Database\BaseConnection.php(729): CodeIgniter\Database\MySQLi\Connection->execute('SELECT `enrollm...')
#2 F:\xammp\htdocs\ITE311-GALORPOT\system\Database\BaseConnection.php(646): CodeIgniter\Database\BaseConnection->simpleQuery('SELECT `enrollm...')
#3 F:\xammp\htdocs\ITE311-GALORPOT\system\Database\BaseBuilder.php(1649): CodeIgniter\Database\BaseConnection->query('SELECT `enrollm...', Array, false)
#4 F:\xammp\htdocs\ITE311-GALORPOT\system\Model.php(286): CodeIgniter\Database\BaseBuilder->get()
#5 F:\xammp\htdocs\ITE311-GALORPOT\system\BaseModel.php(677): CodeIgniter\Model->doFindAll(0, 0)
#6 F:\xammp\htdocs\ITE311-GALORPOT\app\Models\EnrollmentModel.php(139): CodeIgniter\BaseModel->findAll()
#7 F:\xammp\htdocs\ITE311-GALORPOT\app\Controllers\Dashboard.php(121): App\Models\EnrollmentModel->getStudentEnrollmentsForActiveTerm(2)
#8 F:\xammp\htdocs\ITE311-GALORPOT\system\CodeIgniter.php(933): App\Controllers\Dashboard->index()
#9 F:\xammp\htdocs\ITE311-GALORPOT\system\CodeIgniter.php(507): CodeIgniter\CodeIgniter->runController(Object(App\Controllers\Dashboard))
#10 F:\xammp\htdocs\ITE311-GALORPOT\system\CodeIgniter.php(354): CodeIgniter\CodeIgniter->handleRequest(NULL, Object(Config\Cache), false)
#11 F:\xammp\htdocs\ITE311-GALORPOT\system\Boot.php(363): CodeIgniter\CodeIgniter->run()
#12 F:\xammp\htdocs\ITE311-GALORPOT\system\Boot.php(68): CodeIgniter\Boot::runCodeIgniter(Object(CodeIgniter\CodeIgniter))
#13 F:\xammp\htdocs\ITE311-GALORPOT\index.php(59): CodeIgniter\Boot::bootWeb(Object(Config\Paths))
#14 {main}
ERROR - 2025-12-06 03:26:59 --> mysqli_sql_exception: Unknown column 'enrollments.status' in 'where clause' in F:\xammp\htdocs\ITE311-GALORPOT\system\Database\MySQLi\Connection.php:327
Stack trace:
#0 F:\xammp\htdocs\ITE311-GALORPOT\system\Database\MySQLi\Connection.php(327): mysqli->query('SELECT `enrollm...', 0)
#1 F:\xammp\htdocs\ITE311-GALORPOT\system\Database\BaseConnection.php(729): CodeIgniter\Database\MySQLi\Connection->execute('SELECT `enrollm...')
#2 F:\xammp\htdocs\ITE311-GALORPOT\system\Database\BaseConnection.php(646): CodeIgniter\Database\BaseConnection->simpleQuery('SELECT `enrollm...')
#3 F:\xammp\htdocs\ITE311-GALORPOT\system\Database\BaseBuilder.php(1649): CodeIgniter\Database\BaseConnection->query('SELECT `enrollm...', Array, false)
#4 F:\xammp\htdocs\ITE311-GALORPOT\system\Model.php(286): CodeIgniter\Database\BaseBuilder->get()
#5 F:\xammp\htdocs\ITE311-GALORPOT\system\BaseModel.php(677): CodeIgniter\Model->doFindAll(0, 0)
#6 F:\xammp\htdocs\ITE311-GALORPOT\app\Models\EnrollmentModel.php(139): CodeIgniter\BaseModel->findAll()
#7 F:\xammp\htdocs\ITE311-GALORPOT\app\Controllers\Dashboard.php(121): App\Models\EnrollmentModel->getStudentEnrollmentsForActiveTerm(2)
#8 F:\xammp\htdocs\ITE311-GALORPOT\system\CodeIgniter.php(933): App\Controllers\Dashboard->index()
#9 F:\xammp\htdocs\ITE311-GALORPOT\system\CodeIgniter.php(507): CodeIgniter\CodeIgniter->runController(Object(App\Controllers\Dashboard))
#10 F:\xammp\htdocs\ITE311-GALORPOT\system\CodeIgniter.php(354): CodeIgniter\CodeIgniter->handleRequest(NULL, Object(Config\Cache), false)
#11 F:\xammp\htdocs\ITE311-GALORPOT\system\Boot.php(363): CodeIgniter\CodeIgniter->run()
#12 F:\xammp\htdocs\ITE311-GALORPOT\system\Boot.php(68): CodeIgniter\Boot::runCodeIgniter(Object(CodeIgniter\CodeIgniter))
#13 F:\xammp\htdocs\ITE311-GALORPOT\index.php(59): CodeIgniter\Boot::bootWeb(Object(Config\Paths))
#14 {main}
CRITICAL - 2025-12-06 03:38:45 --> ErrorException: Undefined array key "course_title"
[Method: GET, Route: dashboard]
in APPPATH\Views\auth\dashboard.php on line 224.
 1 APPPATH\Views\auth\dashboard.php(224): CodeIgniter\Debug\Exceptions->errorHandler(2, 'Undefined array key "course_title"', 'F:\\xammp\\htdocs\\ITE311-GALORPOT\\app\\Views\\auth\\dashboard.php', 224)
 2 SYSTEMPATH\View\View.php(226): include('F:\\xammp\\htdocs\\ITE311-GALORPOT\\app\\Views\\auth\\dashboard.php')
 3 SYSTEMPATH\View\View.php(229): CodeIgniter\View\View->CodeIgniter\View\{closure}()
 4 SYSTEMPATH\Common.php(1167): CodeIgniter\View\View->render('auth/dashboard', [], true)
 5 APPPATH\Controllers\Dashboard.php(181): view('auth/dashboard', [...])
 6 SYSTEMPATH\CodeIgniter.php(933): App\Controllers\Dashboard->index()
 7 SYSTEMPATH\CodeIgniter.php(507): CodeIgniter\CodeIgniter->runController(Object(App\Controllers\Dashboard))
 8 SYSTEMPATH\CodeIgniter.php(354): CodeIgniter\CodeIgniter->handleRequest(null, Object(Config\Cache), false)
 9 SYSTEMPATH\Boot.php(363): CodeIgniter\CodeIgniter->run()
10 SYSTEMPATH\Boot.php(68): CodeIgniter\Boot::runCodeIgniter(Object(CodeIgniter\CodeIgniter))
11 FCPATH\index.php(59): CodeIgniter\Boot::bootWeb(Object(Config\Paths))
CRITICAL - 2025-12-06 03:38:48 --> ErrorException: Undefined array key "course_title"
[Method: GET, Route: dashboard]
in APPPATH\Views\auth\dashboard.php on line 224.
 1 APPPATH\Views\auth\dashboard.php(224): CodeIgniter\Debug\Exceptions->errorHandler(2, 'Undefined array key "course_title"', 'F:\\xammp\\htdocs\\ITE311-GALORPOT\\app\\Views\\auth\\dashboard.php', 224)
 2 SYSTEMPATH\View\View.php(226): include('F:\\xammp\\htdocs\\ITE311-GALORPOT\\app\\Views\\auth\\dashboard.php')
 3 SYSTEMPATH\View\View.php(229): CodeIgniter\View\View->CodeIgniter\View\{closure}()
 4 SYSTEMPATH\Common.php(1167): CodeIgniter\View\View->render('auth/dashboard', [], true)
 5 APPPATH\Controllers\Dashboard.php(181): view('auth/dashboard', [...])
 6 SYSTEMPATH\CodeIgniter.php(933): App\Controllers\Dashboard->index()
 7 SYSTEMPATH\CodeIgniter.php(507): CodeIgniter\CodeIgniter->runController(Object(App\Controllers\Dashboard))
 8 SYSTEMPATH\CodeIgniter.php(354): CodeIgniter\CodeIgniter->handleRequest(null, Object(Config\Cache), false)
 9 SYSTEMPATH\Boot.php(363): CodeIgniter\CodeIgniter->run()
10 SYSTEMPATH\Boot.php(68): CodeIgniter\Boot::runCodeIgniter(Object(CodeIgniter\CodeIgniter))
11 FCPATH\index.php(59): CodeIgniter\Boot::bootWeb(Object(Config\Paths))
CRITICAL - 2025-12-06 03:38:48 --> ErrorException: Undefined array key "course_title"
[Method: GET, Route: dashboard]
in APPPATH\Views\auth\dashboard.php on line 224.
 1 APPPATH\Views\auth\dashboard.php(224): CodeIgniter\Debug\Exceptions->errorHandler(2, 'Undefined array key "course_title"', 'F:\\xammp\\htdocs\\ITE311-GALORPOT\\app\\Views\\auth\\dashboard.php', 224)
 2 SYSTEMPATH\View\View.php(226): include('F:\\xammp\\htdocs\\ITE311-GALORPOT\\app\\Views\\auth\\dashboard.php')
 3 SYSTEMPATH\View\View.php(229): CodeIgniter\View\View->CodeIgniter\View\{closure}()
 4 SYSTEMPATH\Common.php(1167): CodeIgniter\View\View->render('auth/dashboard', [], true)
 5 APPPATH\Controllers\Dashboard.php(181): view('auth/dashboard', [...])
 6 SYSTEMPATH\CodeIgniter.php(933): App\Controllers\Dashboard->index()
 7 SYSTEMPATH\CodeIgniter.php(507): CodeIgniter\CodeIgniter->runController(Object(App\Controllers\Dashboard))
 8 SYSTEMPATH\CodeIgniter.php(354): CodeIgniter\CodeIgniter->handleRequest(null, Object(Config\Cache), false)
 9 SYSTEMPATH\Boot.php(363): CodeIgniter\CodeIgniter->run()
10 SYSTEMPATH\Boot.php(68): CodeIgniter\Boot::runCodeIgniter(Object(CodeIgniter\CodeIgniter))
11 FCPATH\index.php(59): CodeIgniter\Boot::bootWeb(Object(Config\Paths))
CRITICAL - 2025-12-06 03:38:48 --> ErrorException: Undefined array key "course_title"
[Method: GET, Route: dashboard]
in APPPATH\Views\auth\dashboard.php on line 224.
 1 APPPATH\Views\auth\dashboard.php(224): CodeIgniter\Debug\Exceptions->errorHandler(2, 'Undefined array key "course_title"', 'F:\\xammp\\htdocs\\ITE311-GALORPOT\\app\\Views\\auth\\dashboard.php', 224)
 2 SYSTEMPATH\View\View.php(226): include('F:\\xammp\\htdocs\\ITE311-GALORPOT\\app\\Views\\auth\\dashboard.php')
 3 SYSTEMPATH\View\View.php(229): CodeIgniter\View\View->CodeIgniter\View\{closure}()
 4 SYSTEMPATH\Common.php(1167): CodeIgniter\View\View->render('auth/dashboard', [], true)
 5 APPPATH\Controllers\Dashboard.php(181): view('auth/dashboard', [...])
 6 SYSTEMPATH\CodeIgniter.php(933): App\Controllers\Dashboard->index()
 7 SYSTEMPATH\CodeIgniter.php(507): CodeIgniter\CodeIgniter->runController(Object(App\Controllers\Dashboard))
 8 SYSTEMPATH\CodeIgniter.php(354): CodeIgniter\CodeIgniter->handleRequest(null, Object(Config\Cache), false)
 9 SYSTEMPATH\Boot.php(363): CodeIgniter\CodeIgniter->run()
10 SYSTEMPATH\Boot.php(68): CodeIgniter\Boot::runCodeIgniter(Object(CodeIgniter\CodeIgniter))
11 FCPATH\index.php(59): CodeIgniter\Boot::bootWeb(Object(Config\Paths))
CRITICAL - 2025-12-06 03:47:33 --> Error: Class "App\Controllers\SemesterModel" not found
[Method: GET, Route: dashboard]
in APPPATH\Controllers\Dashboard.php on line 130.
 1 SYSTEMPATH\CodeIgniter.php(933): App\Controllers\Dashboard->index()
 2 SYSTEMPATH\CodeIgniter.php(507): CodeIgniter\CodeIgniter->runController(Object(App\Controllers\Dashboard))
 3 SYSTEMPATH\CodeIgniter.php(354): CodeIgniter\CodeIgniter->handleRequest(null, Object(Config\Cache), false)
 4 SYSTEMPATH\Boot.php(363): CodeIgniter\CodeIgniter->run()
 5 SYSTEMPATH\Boot.php(68): CodeIgniter\Boot::runCodeIgniter(Object(CodeIgniter\CodeIgniter))
 6 FCPATH\index.php(59): CodeIgniter\Boot::bootWeb(Object(Config\Paths))
CRITICAL - 2025-12-06 03:47:38 --> Error: Class "App\Controllers\SemesterModel" not found
[Method: GET, Route: dashboard]
in APPPATH\Controllers\Dashboard.php on line 130.
 1 SYSTEMPATH\CodeIgniter.php(933): App\Controllers\Dashboard->index()
 2 SYSTEMPATH\CodeIgniter.php(507): CodeIgniter\CodeIgniter->runController(Object(App\Controllers\Dashboard))
 3 SYSTEMPATH\CodeIgniter.php(354): CodeIgniter\CodeIgniter->handleRequest(null, Object(Config\Cache), false)
 4 SYSTEMPATH\Boot.php(363): CodeIgniter\CodeIgniter->run()
 5 SYSTEMPATH\Boot.php(68): CodeIgniter\Boot::runCodeIgniter(Object(CodeIgniter\CodeIgniter))
 6 FCPATH\index.php(59): CodeIgniter\Boot::bootWeb(Object(Config\Paths))
CRITICAL - 2025-12-06 03:47:48 --> Error: Class "App\Controllers\SemesterModel" not found
[Method: GET, Route: dashboard]
in APPPATH\Controllers\Dashboard.php on line 130.
 1 SYSTEMPATH\CodeIgniter.php(933): App\Controllers\Dashboard->index()
 2 SYSTEMPATH\CodeIgniter.php(507): CodeIgniter\CodeIgniter->runController(Object(App\Controllers\Dashboard))
 3 SYSTEMPATH\CodeIgniter.php(354): CodeIgniter\CodeIgniter->handleRequest(null, Object(Config\Cache), false)
 4 SYSTEMPATH\Boot.php(363): CodeIgniter\CodeIgniter->run()
 5 SYSTEMPATH\Boot.php(68): CodeIgniter\Boot::runCodeIgniter(Object(CodeIgniter\CodeIgniter))
 6 FCPATH\index.php(59): CodeIgniter\Boot::bootWeb(Object(Config\Paths))
CRITICAL - 2025-12-06 03:47:54 --> Error: Class "App\Controllers\SemesterModel" not found
[Method: GET, Route: dashboard]
in APPPATH\Controllers\Dashboard.php on line 130.
 1 SYSTEMPATH\CodeIgniter.php(933): App\Controllers\Dashboard->index()
 2 SYSTEMPATH\CodeIgniter.php(507): CodeIgniter\CodeIgniter->runController(Object(App\Controllers\Dashboard))
 3 SYSTEMPATH\CodeIgniter.php(354): CodeIgniter\CodeIgniter->handleRequest(null, Object(Config\Cache), false)
 4 SYSTEMPATH\Boot.php(363): CodeIgniter\CodeIgniter->run()
 5 SYSTEMPATH\Boot.php(68): CodeIgniter\Boot::runCodeIgniter(Object(CodeIgniter\CodeIgniter))
 6 FCPATH\index.php(59): CodeIgniter\Boot::bootWeb(Object(Config\Paths))
CRITICAL - 2025-12-06 03:47:56 --> Error: Class "App\Controllers\SemesterModel" not found
[Method: GET, Route: dashboard]
in APPPATH\Controllers\Dashboard.php on line 130.
 1 SYSTEMPATH\CodeIgniter.php(933): App\Controllers\Dashboard->index()
 2 SYSTEMPATH\CodeIgniter.php(507): CodeIgniter\CodeIgniter->runController(Object(App\Controllers\Dashboard))
 3 SYSTEMPATH\CodeIgniter.php(354): CodeIgniter\CodeIgniter->handleRequest(null, Object(Config\Cache), false)
 4 SYSTEMPATH\Boot.php(363): CodeIgniter\CodeIgniter->run()
 5 SYSTEMPATH\Boot.php(68): CodeIgniter\Boot::runCodeIgniter(Object(CodeIgniter\CodeIgniter))
 6 FCPATH\index.php(59): CodeIgniter\Boot::bootWeb(Object(Config\Paths))
CRITICAL - 2025-12-06 03:47:58 --> Error: Class "App\Controllers\SemesterModel" not found
[Method: GET, Route: dashboard]
in APPPATH\Controllers\Dashboard.php on line 130.
 1 SYSTEMPATH\CodeIgniter.php(933): App\Controllers\Dashboard->index()
 2 SYSTEMPATH\CodeIgniter.php(507): CodeIgniter\CodeIgniter->runController(Object(App\Controllers\Dashboard))
 3 SYSTEMPATH\CodeIgniter.php(354): CodeIgniter\CodeIgniter->handleRequest(null, Object(Config\Cache), false)
 4 SYSTEMPATH\Boot.php(363): CodeIgniter\CodeIgniter->run()
 5 SYSTEMPATH\Boot.php(68): CodeIgniter\Boot::runCodeIgniter(Object(CodeIgniter\CodeIgniter))
 6 FCPATH\index.php(59): CodeIgniter\Boot::bootWeb(Object(Config\Paths))
CRITICAL - 2025-12-06 03:48:20 --> Error: Class "App\Controllers\SemesterModel" not found
[Method: GET, Route: dashboard]
in APPPATH\Controllers\Dashboard.php on line 130.
 1 SYSTEMPATH\CodeIgniter.php(933): App\Controllers\Dashboard->index()
 2 SYSTEMPATH\CodeIgniter.php(507): CodeIgniter\CodeIgniter->runController(Object(App\Controllers\Dashboard))
 3 SYSTEMPATH\CodeIgniter.php(354): CodeIgniter\CodeIgniter->handleRequest(null, Object(Config\Cache), false)
 4 SYSTEMPATH\Boot.php(363): CodeIgniter\CodeIgniter->run()
 5 SYSTEMPATH\Boot.php(68): CodeIgniter\Boot::runCodeIgniter(Object(CodeIgniter\CodeIgniter))
 6 FCPATH\index.php(59): CodeIgniter\Boot::bootWeb(Object(Config\Paths))
CRITICAL - 2025-12-06 03:48:20 --> Error: Class "App\Controllers\SemesterModel" not found
[Method: GET, Route: dashboard]
in APPPATH\Controllers\Dashboard.php on line 130.
 1 SYSTEMPATH\CodeIgniter.php(933): App\Controllers\Dashboard->index()
 2 SYSTEMPATH\CodeIgniter.php(507): CodeIgniter\CodeIgniter->runController(Object(App\Controllers\Dashboard))
 3 SYSTEMPATH\CodeIgniter.php(354): CodeIgniter\CodeIgniter->handleRequest(null, Object(Config\Cache), false)
 4 SYSTEMPATH\Boot.php(363): CodeIgniter\CodeIgniter->run()
 5 SYSTEMPATH\Boot.php(68): CodeIgniter\Boot::runCodeIgniter(Object(CodeIgniter\CodeIgniter))
 6 FCPATH\index.php(59): CodeIgniter\Boot::bootWeb(Object(Config\Paths))
CRITICAL - 2025-12-06 03:48:20 --> Error: Class "App\Controllers\SemesterModel" not found
[Method: GET, Route: dashboard]
in APPPATH\Controllers\Dashboard.php on line 130.
 1 SYSTEMPATH\CodeIgniter.php(933): App\Controllers\Dashboard->index()
 2 SYSTEMPATH\CodeIgniter.php(507): CodeIgniter\CodeIgniter->runController(Object(App\Controllers\Dashboard))
 3 SYSTEMPATH\CodeIgniter.php(354): CodeIgniter\CodeIgniter->handleRequest(null, Object(Config\Cache), false)
 4 SYSTEMPATH\Boot.php(363): CodeIgniter\CodeIgniter->run()
 5 SYSTEMPATH\Boot.php(68): CodeIgniter\Boot::runCodeIgniter(Object(CodeIgniter\CodeIgniter))
 6 FCPATH\index.php(59): CodeIgniter\Boot::bootWeb(Object(Config\Paths))
CRITICAL - 2025-12-06 03:48:21 --> Error: Class "App\Controllers\SemesterModel" not found
[Method: GET, Route: dashboard]
in APPPATH\Controllers\Dashboard.php on line 130.
 1 SYSTEMPATH\CodeIgniter.php(933): App\Controllers\Dashboard->index()
 2 SYSTEMPATH\CodeIgniter.php(507): CodeIgniter\CodeIgniter->runController(Object(App\Controllers\Dashboard))
 3 SYSTEMPATH\CodeIgniter.php(354): CodeIgniter\CodeIgniter->handleRequest(null, Object(Config\Cache), false)
 4 SYSTEMPATH\Boot.php(363): CodeIgniter\CodeIgniter->run()
 5 SYSTEMPATH\Boot.php(68): CodeIgniter\Boot::runCodeIgniter(Object(CodeIgniter\CodeIgniter))
 6 FCPATH\index.php(59): CodeIgniter\Boot::bootWeb(Object(Config\Paths))
CRITICAL - 2025-12-06 03:48:21 --> Error: Class "App\Controllers\SemesterModel" not found
[Method: GET, Route: dashboard]
in APPPATH\Controllers\Dashboard.php on line 130.
 1 SYSTEMPATH\CodeIgniter.php(933): App\Controllers\Dashboard->index()
 2 SYSTEMPATH\CodeIgniter.php(507): CodeIgniter\CodeIgniter->runController(Object(App\Controllers\Dashboard))
 3 SYSTEMPATH\CodeIgniter.php(354): CodeIgniter\CodeIgniter->handleRequest(null, Object(Config\Cache), false)
 4 SYSTEMPATH\Boot.php(363): CodeIgniter\CodeIgniter->run()
 5 SYSTEMPATH\Boot.php(68): CodeIgniter\Boot::runCodeIgniter(Object(CodeIgniter\CodeIgniter))
 6 FCPATH\index.php(59): CodeIgniter\Boot::bootWeb(Object(Config\Paths))
CRITICAL - 2025-12-06 03:48:21 --> Error: Class "App\Controllers\SemesterModel" not found
[Method: GET, Route: dashboard]
in APPPATH\Controllers\Dashboard.php on line 130.
 1 SYSTEMPATH\CodeIgniter.php(933): App\Controllers\Dashboard->index()
 2 SYSTEMPATH\CodeIgniter.php(507): CodeIgniter\CodeIgniter->runController(Object(App\Controllers\Dashboard))
 3 SYSTEMPATH\CodeIgniter.php(354): CodeIgniter\CodeIgniter->handleRequest(null, Object(Config\Cache), false)
 4 SYSTEMPATH\Boot.php(363): CodeIgniter\CodeIgniter->run()
 5 SYSTEMPATH\Boot.php(68): CodeIgniter\Boot::runCodeIgniter(Object(CodeIgniter\CodeIgniter))
 6 FCPATH\index.php(59): CodeIgniter\Boot::bootWeb(Object(Config\Paths))
CRITICAL - 2025-12-06 03:48:21 --> Error: Class "App\Controllers\SemesterModel" not found
[Method: GET, Route: dashboard]
in APPPATH\Controllers\Dashboard.php on line 130.
 1 SYSTEMPATH\CodeIgniter.php(933): App\Controllers\Dashboard->index()
 2 SYSTEMPATH\CodeIgniter.php(507): CodeIgniter\CodeIgniter->runController(Object(App\Controllers\Dashboard))
 3 SYSTEMPATH\CodeIgniter.php(354): CodeIgniter\CodeIgniter->handleRequest(null, Object(Config\Cache), false)
 4 SYSTEMPATH\Boot.php(363): CodeIgniter\CodeIgniter->run()
 5 SYSTEMPATH\Boot.php(68): CodeIgniter\Boot::runCodeIgniter(Object(CodeIgniter\CodeIgniter))
 6 FCPATH\index.php(59): CodeIgniter\Boot::bootWeb(Object(Config\Paths))
CRITICAL - 2025-12-06 03:48:21 --> Error: Class "App\Controllers\SemesterModel" not found
[Method: GET, Route: dashboard]
in APPPATH\Controllers\Dashboard.php on line 130.
 1 SYSTEMPATH\CodeIgniter.php(933): App\Controllers\Dashboard->index()
 2 SYSTEMPATH\CodeIgniter.php(507): CodeIgniter\CodeIgniter->runController(Object(App\Controllers\Dashboard))
 3 SYSTEMPATH\CodeIgniter.php(354): CodeIgniter\CodeIgniter->handleRequest(null, Object(Config\Cache), false)
 4 SYSTEMPATH\Boot.php(363): CodeIgniter\CodeIgniter->run()
 5 SYSTEMPATH\Boot.php(68): CodeIgniter\Boot::runCodeIgniter(Object(CodeIgniter\CodeIgniter))
 6 FCPATH\index.php(59): CodeIgniter\Boot::bootWeb(Object(Config\Paths))
CRITICAL - 2025-12-06 03:48:21 --> Error: Class "App\Controllers\SemesterModel" not found
[Method: GET, Route: dashboard]
in APPPATH\Controllers\Dashboard.php on line 130.
 1 SYSTEMPATH\CodeIgniter.php(933): App\Controllers\Dashboard->index()
 2 SYSTEMPATH\CodeIgniter.php(507): CodeIgniter\CodeIgniter->runController(Object(App\Controllers\Dashboard))
 3 SYSTEMPATH\CodeIgniter.php(354): CodeIgniter\CodeIgniter->handleRequest(null, Object(Config\Cache), false)
 4 SYSTEMPATH\Boot.php(363): CodeIgniter\CodeIgniter->run()
 5 SYSTEMPATH\Boot.php(68): CodeIgniter\Boot::runCodeIgniter(Object(CodeIgniter\CodeIgniter))
 6 FCPATH\index.php(59): CodeIgniter\Boot::bootWeb(Object(Config\Paths))
CRITICAL - 2025-12-06 03:48:22 --> Error: Class "App\Controllers\SemesterModel" not found
[Method: GET, Route: dashboard]
in APPPATH\Controllers\Dashboard.php on line 130.
 1 SYSTEMPATH\CodeIgniter.php(933): App\Controllers\Dashboard->index()
 2 SYSTEMPATH\CodeIgniter.php(507): CodeIgniter\CodeIgniter->runController(Object(App\Controllers\Dashboard))
 3 SYSTEMPATH\CodeIgniter.php(354): CodeIgniter\CodeIgniter->handleRequest(null, Object(Config\Cache), false)
 4 SYSTEMPATH\Boot.php(363): CodeIgniter\CodeIgniter->run()
 5 SYSTEMPATH\Boot.php(68): CodeIgniter\Boot::runCodeIgniter(Object(CodeIgniter\CodeIgniter))
 6 FCPATH\index.php(59): CodeIgniter\Boot::bootWeb(Object(Config\Paths))
CRITICAL - 2025-12-06 03:48:22 --> Error: Class "App\Controllers\SemesterModel" not found
[Method: GET, Route: dashboard]
in APPPATH\Controllers\Dashboard.php on line 130.
 1 SYSTEMPATH\CodeIgniter.php(933): App\Controllers\Dashboard->index()
 2 SYSTEMPATH\CodeIgniter.php(507): CodeIgniter\CodeIgniter->runController(Object(App\Controllers\Dashboard))
 3 SYSTEMPATH\CodeIgniter.php(354): CodeIgniter\CodeIgniter->handleRequest(null, Object(Config\Cache), false)
 4 SYSTEMPATH\Boot.php(363): CodeIgniter\CodeIgniter->run()
 5 SYSTEMPATH\Boot.php(68): CodeIgniter\Boot::runCodeIgniter(Object(CodeIgniter\CodeIgniter))
 6 FCPATH\index.php(59): CodeIgniter\Boot::bootWeb(Object(Config\Paths))
CRITICAL - 2025-12-06 03:48:22 --> Error: Class "App\Controllers\SemesterModel" not found
[Method: GET, Route: dashboard]
in APPPATH\Controllers\Dashboard.php on line 130.
 1 SYSTEMPATH\CodeIgniter.php(933): App\Controllers\Dashboard->index()
 2 SYSTEMPATH\CodeIgniter.php(507): CodeIgniter\CodeIgniter->runController(Object(App\Controllers\Dashboard))
 3 SYSTEMPATH\CodeIgniter.php(354): CodeIgniter\CodeIgniter->handleRequest(null, Object(Config\Cache), false)
 4 SYSTEMPATH\Boot.php(363): CodeIgniter\CodeIgniter->run()
 5 SYSTEMPATH\Boot.php(68): CodeIgniter\Boot::runCodeIgniter(Object(CodeIgniter\CodeIgniter))
 6 FCPATH\index.php(59): CodeIgniter\Boot::bootWeb(Object(Config\Paths))
CRITICAL - 2025-12-06 03:48:22 --> Error: Class "App\Controllers\SemesterModel" not found
[Method: GET, Route: dashboard]
in APPPATH\Controllers\Dashboard.php on line 130.
 1 SYSTEMPATH\CodeIgniter.php(933): App\Controllers\Dashboard->index()
 2 SYSTEMPATH\CodeIgniter.php(507): CodeIgniter\CodeIgniter->runController(Object(App\Controllers\Dashboard))
 3 SYSTEMPATH\CodeIgniter.php(354): CodeIgniter\CodeIgniter->handleRequest(null, Object(Config\Cache), false)
 4 SYSTEMPATH\Boot.php(363): CodeIgniter\CodeIgniter->run()
 5 SYSTEMPATH\Boot.php(68): CodeIgniter\Boot::runCodeIgniter(Object(CodeIgniter\CodeIgniter))
 6 FCPATH\index.php(59): CodeIgniter\Boot::bootWeb(Object(Config\Paths))
CRITICAL - 2025-12-06 03:48:22 --> Error: Class "App\Controllers\SemesterModel" not found
[Method: GET, Route: dashboard]
in APPPATH\Controllers\Dashboard.php on line 130.
 1 SYSTEMPATH\CodeIgniter.php(933): App\Controllers\Dashboard->index()
 2 SYSTEMPATH\CodeIgniter.php(507): CodeIgniter\CodeIgniter->runController(Object(App\Controllers\Dashboard))
 3 SYSTEMPATH\CodeIgniter.php(354): CodeIgniter\CodeIgniter->handleRequest(null, Object(Config\Cache), false)
 4 SYSTEMPATH\Boot.php(363): CodeIgniter\CodeIgniter->run()
 5 SYSTEMPATH\Boot.php(68): CodeIgniter\Boot::runCodeIgniter(Object(CodeIgniter\CodeIgniter))
 6 FCPATH\index.php(59): CodeIgniter\Boot::bootWeb(Object(Config\Paths))
CRITICAL - 2025-12-06 03:48:22 --> Error: Class "App\Controllers\SemesterModel" not found
[Method: GET, Route: dashboard]
in APPPATH\Controllers\Dashboard.php on line 130.
 1 SYSTEMPATH\CodeIgniter.php(933): App\Controllers\Dashboard->index()
 2 SYSTEMPATH\CodeIgniter.php(507): CodeIgniter\CodeIgniter->runController(Object(App\Controllers\Dashboard))
 3 SYSTEMPATH\CodeIgniter.php(354): CodeIgniter\CodeIgniter->handleRequest(null, Object(Config\Cache), false)
 4 SYSTEMPATH\Boot.php(363): CodeIgniter\CodeIgniter->run()
 5 SYSTEMPATH\Boot.php(68): CodeIgniter\Boot::runCodeIgniter(Object(CodeIgniter\CodeIgniter))
 6 FCPATH\index.php(59): CodeIgniter\Boot::bootWeb(Object(Config\Paths))
CRITICAL - 2025-12-06 03:48:23 --> Error: Class "App\Controllers\SemesterModel" not found
[Method: GET, Route: dashboard]
in APPPATH\Controllers\Dashboard.php on line 130.
 1 SYSTEMPATH\CodeIgniter.php(933): App\Controllers\Dashboard->index()
 2 SYSTEMPATH\CodeIgniter.php(507): CodeIgniter\CodeIgniter->runController(Object(App\Controllers\Dashboard))
 3 SYSTEMPATH\CodeIgniter.php(354): CodeIgniter\CodeIgniter->handleRequest(null, Object(Config\Cache), false)
 4 SYSTEMPATH\Boot.php(363): CodeIgniter\CodeIgniter->run()
 5 SYSTEMPATH\Boot.php(68): CodeIgniter\Boot::runCodeIgniter(Object(CodeIgniter\CodeIgniter))
 6 FCPATH\index.php(59): CodeIgniter\Boot::bootWeb(Object(Config\Paths))
CRITICAL - 2025-12-06 03:48:23 --> Error: Class "App\Controllers\SemesterModel" not found
[Method: GET, Route: dashboard]
in APPPATH\Controllers\Dashboard.php on line 130.
 1 SYSTEMPATH\CodeIgniter.php(933): App\Controllers\Dashboard->index()
 2 SYSTEMPATH\CodeIgniter.php(507): CodeIgniter\CodeIgniter->runController(Object(App\Controllers\Dashboard))
 3 SYSTEMPATH\CodeIgniter.php(354): CodeIgniter\CodeIgniter->handleRequest(null, Object(Config\Cache), false)
 4 SYSTEMPATH\Boot.php(363): CodeIgniter\CodeIgniter->run()
 5 SYSTEMPATH\Boot.php(68): CodeIgniter\Boot::runCodeIgniter(Object(CodeIgniter\CodeIgniter))
 6 FCPATH\index.php(59): CodeIgniter\Boot::bootWeb(Object(Config\Paths))
CRITICAL - 2025-12-06 03:48:23 --> Error: Class "App\Controllers\SemesterModel" not found
[Method: GET, Route: dashboard]
in APPPATH\Controllers\Dashboard.php on line 130.
 1 SYSTEMPATH\CodeIgniter.php(933): App\Controllers\Dashboard->index()
 2 SYSTEMPATH\CodeIgniter.php(507): CodeIgniter\CodeIgniter->runController(Object(App\Controllers\Dashboard))
 3 SYSTEMPATH\CodeIgniter.php(354): CodeIgniter\CodeIgniter->handleRequest(null, Object(Config\Cache), false)
 4 SYSTEMPATH\Boot.php(363): CodeIgniter\CodeIgniter->run()
 5 SYSTEMPATH\Boot.php(68): CodeIgniter\Boot::runCodeIgniter(Object(CodeIgniter\CodeIgniter))
 6 FCPATH\index.php(59): CodeIgniter\Boot::bootWeb(Object(Config\Paths))
CRITICAL - 2025-12-06 04:02:08 --> ParseError: syntax error, unexpected token ":"
[Method: GET, Route: dashboard]
in APPPATH\Views\auth\dashboard.php on line 328.
 1 SYSTEMPATH\View\View.php(229): CodeIgniter\View\View->CodeIgniter\View\{closure}()
 2 SYSTEMPATH\Common.php(1167): CodeIgniter\View\View->render('auth/dashboard', [], true)
 3 APPPATH\Controllers\Dashboard.php(286): view('auth/dashboard', [...])
 4 SYSTEMPATH\CodeIgniter.php(933): App\Controllers\Dashboard->index()
 5 SYSTEMPATH\CodeIgniter.php(507): CodeIgniter\CodeIgniter->runController(Object(App\Controllers\Dashboard))
 6 SYSTEMPATH\CodeIgniter.php(354): CodeIgniter\CodeIgniter->handleRequest(null, Object(Config\Cache), false)
 7 SYSTEMPATH\Boot.php(363): CodeIgniter\CodeIgniter->run()
 8 SYSTEMPATH\Boot.php(68): CodeIgniter\Boot::runCodeIgniter(Object(CodeIgniter\CodeIgniter))
 9 FCPATH\index.php(59): CodeIgniter\Boot::bootWeb(Object(Config\Paths))
CRITICAL - 2025-12-06 04:02:27 --> ParseError: syntax error, unexpected token ":"
[Method: GET, Route: dashboard]
in APPPATH\Views\auth\dashboard.php on line 328.
 1 SYSTEMPATH\View\View.php(229): CodeIgniter\View\View->CodeIgniter\View\{closure}()
 2 SYSTEMPATH\Common.php(1167): CodeIgniter\View\View->render('auth/dashboard', [], true)
 3 APPPATH\Controllers\Dashboard.php(286): view('auth/dashboard', [...])
 4 SYSTEMPATH\CodeIgniter.php(933): App\Controllers\Dashboard->index()
 5 SYSTEMPATH\CodeIgniter.php(507): CodeIgniter\CodeIgniter->runController(Object(App\Controllers\Dashboard))
 6 SYSTEMPATH\CodeIgniter.php(354): CodeIgniter\CodeIgniter->handleRequest(null, Object(Config\Cache), false)
 7 SYSTEMPATH\Boot.php(363): CodeIgniter\CodeIgniter->run()
 8 SYSTEMPATH\Boot.php(68): CodeIgniter\Boot::runCodeIgniter(Object(CodeIgniter\CodeIgniter))
 9 FCPATH\index.php(59): CodeIgniter\Boot::bootWeb(Object(Config\Paths))
CRITICAL - 2025-12-06 04:02:34 --> ParseError: syntax error, unexpected token ":"
[Method: GET, Route: dashboard]
in APPPATH\Views\auth\dashboard.php on line 328.
 1 SYSTEMPATH\View\View.php(229): CodeIgniter\View\View->CodeIgniter\View\{closure}()
 2 SYSTEMPATH\Common.php(1167): CodeIgniter\View\View->render('auth/dashboard', [], true)
 3 APPPATH\Controllers\Dashboard.php(286): view('auth/dashboard', [...])
 4 SYSTEMPATH\CodeIgniter.php(933): App\Controllers\Dashboard->index()
 5 SYSTEMPATH\CodeIgniter.php(507): CodeIgniter\CodeIgniter->runController(Object(App\Controllers\Dashboard))
 6 SYSTEMPATH\CodeIgniter.php(354): CodeIgniter\CodeIgniter->handleRequest(null, Object(Config\Cache), false)
 7 SYSTEMPATH\Boot.php(363): CodeIgniter\CodeIgniter->run()
 8 SYSTEMPATH\Boot.php(68): CodeIgniter\Boot::runCodeIgniter(Object(CodeIgniter\CodeIgniter))
 9 FCPATH\index.php(59): CodeIgniter\Boot::bootWeb(Object(Config\Paths))
CRITICAL - 2025-12-06 04:02:38 --> ParseError: syntax error, unexpected token ":"
[Method: GET, Route: dashboard]
in APPPATH\Views\auth\dashboard.php on line 328.
 1 SYSTEMPATH\View\View.php(229): CodeIgniter\View\View->CodeIgniter\View\{closure}()
 2 SYSTEMPATH\Common.php(1167): CodeIgniter\View\View->render('auth/dashboard', [], true)
 3 APPPATH\Controllers\Dashboard.php(286): view('auth/dashboard', [...])
 4 SYSTEMPATH\CodeIgniter.php(933): App\Controllers\Dashboard->index()
 5 SYSTEMPATH\CodeIgniter.php(507): CodeIgniter\CodeIgniter->runController(Object(App\Controllers\Dashboard))
 6 SYSTEMPATH\CodeIgniter.php(354): CodeIgniter\CodeIgniter->handleRequest(null, Object(Config\Cache), false)
 7 SYSTEMPATH\Boot.php(363): CodeIgniter\CodeIgniter->run()
 8 SYSTEMPATH\Boot.php(68): CodeIgniter\Boot::runCodeIgniter(Object(CodeIgniter\CodeIgniter))
 9 FCPATH\index.php(59): CodeIgniter\Boot::bootWeb(Object(Config\Paths))
CRITICAL - 2025-12-06 04:02:42 --> ParseError: syntax error, unexpected token ":"
[Method: GET, Route: dashboard]
in APPPATH\Views\auth\dashboard.php on line 328.
 1 SYSTEMPATH\View\View.php(229): CodeIgniter\View\View->CodeIgniter\View\{closure}()
 2 SYSTEMPATH\Common.php(1167): CodeIgniter\View\View->render('auth/dashboard', [], true)
 3 APPPATH\Controllers\Dashboard.php(286): view('auth/dashboard', [...])
 4 SYSTEMPATH\CodeIgniter.php(933): App\Controllers\Dashboard->index()
 5 SYSTEMPATH\CodeIgniter.php(507): CodeIgniter\CodeIgniter->runController(Object(App\Controllers\Dashboard))
 6 SYSTEMPATH\CodeIgniter.php(354): CodeIgniter\CodeIgniter->handleRequest(null, Object(Config\Cache), false)
 7 SYSTEMPATH\Boot.php(363): CodeIgniter\CodeIgniter->run()
 8 SYSTEMPATH\Boot.php(68): CodeIgniter\Boot::runCodeIgniter(Object(CodeIgniter\CodeIgniter))
 9 FCPATH\index.php(59): CodeIgniter\Boot::bootWeb(Object(Config\Paths))
CRITICAL - 2025-12-06 04:02:53 --> ParseError: syntax error, unexpected token ":"
[Method: GET, Route: dashboard]
in APPPATH\Views\auth\dashboard.php on line 328.
 1 SYSTEMPATH\View\View.php(229): CodeIgniter\View\View->CodeIgniter\View\{closure}()
 2 SYSTEMPATH\Common.php(1167): CodeIgniter\View\View->render('auth/dashboard', [], true)
 3 APPPATH\Controllers\Dashboard.php(286): view('auth/dashboard', [...])
 4 SYSTEMPATH\CodeIgniter.php(933): App\Controllers\Dashboard->index()
 5 SYSTEMPATH\CodeIgniter.php(507): CodeIgniter\CodeIgniter->runController(Object(App\Controllers\Dashboard))
 6 SYSTEMPATH\CodeIgniter.php(354): CodeIgniter\CodeIgniter->handleRequest(null, Object(Config\Cache), false)
 7 SYSTEMPATH\Boot.php(363): CodeIgniter\CodeIgniter->run()
 8 SYSTEMPATH\Boot.php(68): CodeIgniter\Boot::runCodeIgniter(Object(CodeIgniter\CodeIgniter))
 9 FCPATH\index.php(59): CodeIgniter\Boot::bootWeb(Object(Config\Paths))
CRITICAL - 2025-12-06 04:03:59 --> ParseError: syntax error, unexpected token ":"
[Method: GET, Route: dashboard]
in APPPATH\Views\auth\dashboard.php on line 328.
 1 SYSTEMPATH\View\View.php(229): CodeIgniter\View\View->CodeIgniter\View\{closure}()
 2 SYSTEMPATH\Common.php(1167): CodeIgniter\View\View->render('auth/dashboard', [], true)
 3 APPPATH\Controllers\Dashboard.php(286): view('auth/dashboard', [...])
 4 SYSTEMPATH\CodeIgniter.php(933): App\Controllers\Dashboard->index()
 5 SYSTEMPATH\CodeIgniter.php(507): CodeIgniter\CodeIgniter->runController(Object(App\Controllers\Dashboard))
 6 SYSTEMPATH\CodeIgniter.php(354): CodeIgniter\CodeIgniter->handleRequest(null, Object(Config\Cache), false)
 7 SYSTEMPATH\Boot.php(363): CodeIgniter\CodeIgniter->run()
 8 SYSTEMPATH\Boot.php(68): CodeIgniter\Boot::runCodeIgniter(Object(CodeIgniter\CodeIgniter))
 9 FCPATH\index.php(59): CodeIgniter\Boot::bootWeb(Object(Config\Paths))
ERROR - 2025-12-06 04:26:47 --> mysqli_sql_exception: Column 'instructor_id' cannot be null in F:\xammp\htdocs\ITE311-GALORPOT\system\Database\MySQLi\Connection.php:327
Stack trace:
#0 F:\xammp\htdocs\ITE311-GALORPOT\system\Database\MySQLi\Connection.php(327): mysqli->query('INSERT INTO `co...', 0)
#1 F:\xammp\htdocs\ITE311-GALORPOT\system\Database\BaseConnection.php(729): CodeIgniter\Database\MySQLi\Connection->execute('INSERT INTO `co...')
#2 F:\xammp\htdocs\ITE311-GALORPOT\system\Database\BaseConnection.php(646): CodeIgniter\Database\BaseConnection->simpleQuery('INSERT INTO `co...')
#3 F:\xammp\htdocs\ITE311-GALORPOT\system\Database\BaseBuilder.php(2345): CodeIgniter\Database\BaseConnection->query('INSERT INTO `co...', Array, false)
#4 F:\xammp\htdocs\ITE311-GALORPOT\system\Model.php(394): CodeIgniter\Database\BaseBuilder->insert()
#5 F:\xammp\htdocs\ITE311-GALORPOT\system\BaseModel.php(838): CodeIgniter\Model->doInsert(Array)
#6 F:\xammp\htdocs\ITE311-GALORPOT\system\Model.php(797): CodeIgniter\BaseModel->insert(Array, true)
#7 F:\xammp\htdocs\ITE311-GALORPOT\app\Controllers\Admin.php(368): CodeIgniter\Model->insert(Array)
#8 F:\xammp\htdocs\ITE311-GALORPOT\system\CodeIgniter.php(933): App\Controllers\Admin->createCourse()
#9 F:\xammp\htdocs\ITE311-GALORPOT\system\CodeIgniter.php(507): CodeIgniter\CodeIgniter->runController(Object(App\Controllers\Admin))
#10 F:\xammp\htdocs\ITE311-GALORPOT\system\CodeIgniter.php(354): CodeIgniter\CodeIgniter->handleRequest(NULL, Object(Config\Cache), false)
#11 F:\xammp\htdocs\ITE311-GALORPOT\system\Boot.php(363): CodeIgniter\CodeIgniter->run()
#12 F:\xammp\htdocs\ITE311-GALORPOT\system\Boot.php(68): CodeIgniter\Boot::runCodeIgniter(Object(CodeIgniter\CodeIgniter))
#13 F:\xammp\htdocs\ITE311-GALORPOT\index.php(59): CodeIgniter\Boot::bootWeb(Object(Config\Paths))
#14 {main}
ERROR - 2025-12-06 04:26:47 --> CREATE COURSE - Exception: Column 'instructor_id' cannot be null
ERROR - 2025-12-06 04:35:05 --> mysqli_sql_exception: Table 'lms_galorpot.courses' doesn't exist in F:\xammp\htdocs\ITE311-GALORPOT\system\Database\MySQLi\Connection.php:327
Stack trace:
#0 F:\xammp\htdocs\ITE311-GALORPOT\system\Database\MySQLi\Connection.php(327): mysqli->query('ALTER TABLE `co...', 0)
#1 F:\xammp\htdocs\ITE311-GALORPOT\system\Database\BaseConnection.php(729): CodeIgniter\Database\MySQLi\Connection->execute('ALTER TABLE `co...')
#2 F:\xammp\htdocs\ITE311-GALORPOT\system\Database\BaseConnection.php(646): CodeIgniter\Database\BaseConnection->simpleQuery('ALTER TABLE `co...')
#3 F:\xammp\htdocs\ITE311-GALORPOT\system\Database\Forge.php(772): CodeIgniter\Database\BaseConnection->query('ALTER TABLE `co...')
#4 F:\xammp\htdocs\ITE311-GALORPOT\app\Database\Migrations\20250101000004_AddAcademicStructureToCourses.php(17): CodeIgniter\Database\Forge->addColumn('courses', Array)
#5 F:\xammp\htdocs\ITE311-GALORPOT\system\Database\MigrationRunner.php(876): App\Database\Migrations\AddAcademicStructureToCourses->up()
#6 F:\xammp\htdocs\ITE311-GALORPOT\system\Database\MigrationRunner.php(182): CodeIgniter\Database\MigrationRunner->migrate('up', Object(stdClass))
#7 F:\xammp\htdocs\ITE311-GALORPOT\system\Commands\Database\Migrate.php(85): CodeIgniter\Database\MigrationRunner->latest(NULL)
#8 F:\xammp\htdocs\ITE311-GALORPOT\system\CLI\Commands.php(74): CodeIgniter\Commands\Database\Migrate->run(Array)
#9 F:\xammp\htdocs\ITE311-GALORPOT\system\CLI\Console.php(47): CodeIgniter\CLI\Commands->run('migrate', Array)
#10 F:\xammp\htdocs\ITE311-GALORPOT\system\Boot.php(388): CodeIgniter\CLI\Console->run()
#11 F:\xammp\htdocs\ITE311-GALORPOT\system\Boot.php(133): CodeIgniter\Boot::runCommand(Object(CodeIgniter\CLI\Console))
#12 F:\xammp\htdocs\ITE311-GALORPOT\spark(87): CodeIgniter\Boot::bootSpark(Object(Config\Paths))
#13 {main}
ERROR - 2025-12-06 04:35:31 --> mysqli_sql_exception: Table 'lms_galorpot.courses' doesn't exist in F:\xammp\htdocs\ITE311-GALORPOT\system\Database\MySQLi\Connection.php:327
Stack trace:
#0 F:\xammp\htdocs\ITE311-GALORPOT\system\Database\MySQLi\Connection.php(327): mysqli->query('ALTER TABLE `co...', 0)
#1 F:\xammp\htdocs\ITE311-GALORPOT\system\Database\BaseConnection.php(729): CodeIgniter\Database\MySQLi\Connection->execute('ALTER TABLE `co...')
#2 F:\xammp\htdocs\ITE311-GALORPOT\system\Database\BaseConnection.php(646): CodeIgniter\Database\BaseConnection->simpleQuery('ALTER TABLE `co...')
#3 F:\xammp\htdocs\ITE311-GALORPOT\system\Database\Forge.php(772): CodeIgniter\Database\BaseConnection->query('ALTER TABLE `co...')
#4 F:\xammp\htdocs\ITE311-GALORPOT\app\Database\Migrations\20250101000004_AddAcademicStructureToCourses.php(17): CodeIgniter\Database\Forge->addColumn('courses', Array)
#5 F:\xammp\htdocs\ITE311-GALORPOT\system\Database\MigrationRunner.php(876): App\Database\Migrations\AddAcademicStructureToCourses->up()
#6 F:\xammp\htdocs\ITE311-GALORPOT\system\Database\MigrationRunner.php(182): CodeIgniter\Database\MigrationRunner->migrate('up', Object(stdClass))
#7 F:\xammp\htdocs\ITE311-GALORPOT\system\Commands\Database\Migrate.php(85): CodeIgniter\Database\MigrationRunner->latest(NULL)
#8 F:\xammp\htdocs\ITE311-GALORPOT\system\CLI\Commands.php(74): CodeIgniter\Commands\Database\Migrate->run(Array)
#9 F:\xammp\htdocs\ITE311-GALORPOT\system\CLI\Console.php(47): CodeIgniter\CLI\Commands->run('migrate', Array)
#10 F:\xammp\htdocs\ITE311-GALORPOT\system\Boot.php(388): CodeIgniter\CLI\Console->run()
#11 F:\xammp\htdocs\ITE311-GALORPOT\system\Boot.php(133): CodeIgniter\Boot::runCommand(Object(CodeIgniter\CLI\Console))
#12 F:\xammp\htdocs\ITE311-GALORPOT\spark(87): CodeIgniter\Boot::bootSpark(Object(Config\Paths))
#13 {main}
