ERROR - 2025-12-08 11:38:42 --> School Year Creation Validation Failed: Validation failed: This School Year already exists.
ERROR - 2025-12-08 11:38:42 --> POST Data: {"csrf_test_name":"358c4012b408ed921ae79ba2834547bf","form_submitted":"1","school_year":"2025-2026","sem1_term1_start":"2025-12-08","sem1_term1_end":"2026-02-01","sem1_term2_start":"2026-02-06","sem1_term2_end":"2026-04-02","sem2_term1_start":"2026-04-24","sem2_term1_end":"2026-06-18","sem2_term2_start":"2026-06-23","sem2_term2_end":"2026-08-17"}
ERROR - 2025-12-08 11:38:42 --> Validation Errors: {"school_year":"This School Year already exists."}
ERROR - 2025-12-08 11:39:34 --> mysqli_sql_exception: Table 'lms_galorpot.users' doesn't exist in F:\xammp\htdocs\ITE311-GALORPOT\system\Database\MySQLi\Connection.php:327
Stack trace:
#0 F:\xammp\htdocs\ITE311-GALORPOT\system\Database\MySQLi\Connection.php(327): mysqli->query('SELECT *\nFROM `...', 0)
#1 F:\xammp\htdocs\ITE311-GALORPOT\system\Database\BaseConnection.php(729): CodeIgniter\Database\MySQLi\Connection->execute('SELECT *\nFROM `...')
#2 F:\xammp\htdocs\ITE311-GALORPOT\system\Database\BaseConnection.php(646): CodeIgniter\Database\BaseConnection->simpleQuery('SELECT *\nFROM `...')
#3 F:\xammp\htdocs\ITE311-GALORPOT\system\Database\BaseBuilder.php(1649): CodeIgniter\Database\BaseConnection->query('SELECT *\nFROM `...', Array, false)
#4 F:\xammp\htdocs\ITE311-GALORPOT\system\Model.php(330): CodeIgniter\Database\BaseBuilder->get()
#5 F:\xammp\htdocs\ITE311-GALORPOT\system\BaseModel.php(715): CodeIgniter\Model->doFirst()
#6 F:\xammp\htdocs\ITE311-GALORPOT\app\Controllers\Auth.php(243): CodeIgniter\BaseModel->first()
#7 F:\xammp\htdocs\ITE311-GALORPOT\app\Controllers\Auth.php(90): App\Controllers\Auth->ensureDefaultUsers()
#8 F:\xammp\htdocs\ITE311-GALORPOT\system\CodeIgniter.php(933): App\Controllers\Auth->login()
#9 F:\xammp\htdocs\ITE311-GALORPOT\system\CodeIgniter.php(507): CodeIgniter\CodeIgniter->runController(Object(App\Controllers\Auth))
#10 F:\xammp\htdocs\ITE311-GALORPOT\system\CodeIgniter.php(354): CodeIgniter\CodeIgniter->handleRequest(NULL, Object(Config\Cache), false)
#11 F:\xammp\htdocs\ITE311-GALORPOT\system\Boot.php(363): CodeIgniter\CodeIgniter->run()
#12 F:\xammp\htdocs\ITE311-GALORPOT\system\Boot.php(68): CodeIgniter\Boot::runCodeIgniter(Object(CodeIgniter\CodeIgniter))
#13 F:\xammp\htdocs\ITE311-GALORPOT\index.php(59): CodeIgniter\Boot::bootWeb(Object(Config\Paths))
#14 {main}
ERROR - 2025-12-08 11:39:34 --> mysqli_sql_exception: Table 'lms_galorpot.ci_sessions' doesn't exist in F:\xammp\htdocs\ITE311-GALORPOT\system\Database\MySQLi\Connection.php:327
Stack trace:
#0 F:\xammp\htdocs\ITE311-GALORPOT\system\Database\MySQLi\Connection.php(327): mysqli->query('SELECT `data`\nF...', 0)
#1 F:\xammp\htdocs\ITE311-GALORPOT\system\Database\BaseConnection.php(729): CodeIgniter\Database\MySQLi\Connection->execute('SELECT `data`\nF...')
#2 F:\xammp\htdocs\ITE311-GALORPOT\system\Database\BaseConnection.php(646): CodeIgniter\Database\BaseConnection->simpleQuery('SELECT `data`\nF...')
#3 F:\xammp\htdocs\ITE311-GALORPOT\system\Database\BaseBuilder.php(1649): CodeIgniter\Database\BaseConnection->query('SELECT `data`\nF...', Array, false)
#4 F:\xammp\htdocs\ITE311-GALORPOT\system\Session\Handlers\DatabaseHandler.php(135): CodeIgniter\Database\BaseBuilder->get()
#5 [internal function]: CodeIgniter\Session\Handlers\DatabaseHandler->read('b67c0332dfa8ebc...')
#6 F:\xammp\htdocs\ITE311-GALORPOT\system\Session\Session.php(912): session_start()
#7 F:\xammp\htdocs\ITE311-GALORPOT\system\Session\Session.php(243): CodeIgniter\Session\Session->startSession()
#8 F:\xammp\htdocs\ITE311-GALORPOT\system\Config\Services.php(715): CodeIgniter\Session\Session->start()
#9 F:\xammp\htdocs\ITE311-GALORPOT\system\Config\BaseService.php(312): CodeIgniter\Config\Services::session(Object(Config\Session), false)
#10 F:\xammp\htdocs\ITE311-GALORPOT\system\Config\BaseService.php(251): CodeIgniter\Config\BaseService::__callStatic('session', Array)
#11 F:\xammp\htdocs\ITE311-GALORPOT\system\Config\Services.php(668): CodeIgniter\Config\BaseService::getSharedInstance('session', NULL)
#12 F:\xammp\htdocs\ITE311-GALORPOT\system\Config\BaseService.php(321): CodeIgniter\Config\Services::session()
#13 F:\xammp\htdocs\ITE311-GALORPOT\system\Config\BaseService.php(202): CodeIgniter\Config\BaseService::__callStatic('session', Array)
#14 F:\xammp\htdocs\ITE311-GALORPOT\system\Common.php(995): CodeIgniter\Config\BaseService::get('session')
#15 F:\xammp\htdocs\ITE311-GALORPOT\system\Common.php(968): service('session')
#16 F:\xammp\htdocs\ITE311-GALORPOT\app\Views\auth\login.php(16): session()
#17 F:\xammp\htdocs\ITE311-GALORPOT\system\View\View.php(226): include('F:\\xammp\\htdocs...')
#18 F:\xammp\htdocs\ITE311-GALORPOT\system\View\View.php(229): CodeIgniter\View\View->CodeIgniter\View\{closure}()
#19 F:\xammp\htdocs\ITE311-GALORPOT\system\Common.php(1167): CodeIgniter\View\View->render('auth/login', Array, true)
#20 F:\xammp\htdocs\ITE311-GALORPOT\app\Controllers\Auth.php(133): view('auth/login', Array)
#21 F:\xammp\htdocs\ITE311-GALORPOT\system\CodeIgniter.php(933): App\Controllers\Auth->login()
#22 F:\xammp\htdocs\ITE311-GALORPOT\system\CodeIgniter.php(507): CodeIgniter\CodeIgniter->runController(Object(App\Controllers\Auth))
#23 F:\xammp\htdocs\ITE311-GALORPOT\system\CodeIgniter.php(354): CodeIgniter\CodeIgniter->handleRequest(NULL, Object(Config\Cache), false)
#24 F:\xammp\htdocs\ITE311-GALORPOT\system\Boot.php(363): CodeIgniter\CodeIgniter->run()
#25 F:\xammp\htdocs\ITE311-GALORPOT\system\Boot.php(68): CodeIgniter\Boot::runCodeIgniter(Object(CodeIgniter\CodeIgniter))
#26 F:\xammp\htdocs\ITE311-GALORPOT\index.php(59): CodeIgniter\Boot::bootWeb(Object(Config\Paths))
#27 {main}
CRITICAL - 2025-12-08 11:39:34 --> CodeIgniter\Database\Exceptions\DatabaseException: Table 'lms_galorpot.ci_sessions' doesn't exist
[Method: GET, Route: login]
in SYSTEMPATH\Database\BaseConnection.php on line 684.
 1 SYSTEMPATH\Database\BaseBuilder.php(1649): CodeIgniter\Database\BaseConnection->query('SELECT `data`
FROM `ci_sessions`
WHERE `id` = :id:
AND `ip_address` = :ip_address:', [...], false)
 2 SYSTEMPATH\Session\Handlers\DatabaseHandler.php(135): CodeIgniter\Database\BaseBuilder->get()
 3 [internal function]: CodeIgniter\Session\Handlers\DatabaseHandler->read('b67c0332dfa8ebcbbbe62bc61d137bbe')
 4 SYSTEMPATH\Session\Session.php(912): session_start()
 5 SYSTEMPATH\Session\Session.php(243): CodeIgniter\Session\Session->startSession()
 6 SYSTEMPATH\Config\Services.php(715): CodeIgniter\Session\Session->start()
 7 SYSTEMPATH\Config\BaseService.php(312): CodeIgniter\Config\Services::session(Object(Config\Session), false)
 8 SYSTEMPATH\Config\BaseService.php(251): CodeIgniter\Config\BaseService::__callStatic('session', [...])
 9 SYSTEMPATH\Config\Services.php(668): CodeIgniter\Config\BaseService::getSharedInstance('session', null)
10 SYSTEMPATH\Config\BaseService.php(321): CodeIgniter\Config\Services::session()
11 SYSTEMPATH\Config\BaseService.php(202): CodeIgniter\Config\BaseService::__callStatic('session', [])
12 SYSTEMPATH\Common.php(995): CodeIgniter\Config\BaseService::get('session')
13 SYSTEMPATH\Common.php(968): service('session')
14 APPPATH\Views\auth\login.php(16): session()
15 SYSTEMPATH\View\View.php(226): include('F:\\xammp\\htdocs\\ITE311-GALORPOT\\app\\Views\\auth\\login.php')
16 SYSTEMPATH\View\View.php(229): CodeIgniter\View\View->CodeIgniter\View\{closure}()
17 SYSTEMPATH\Common.php(1167): CodeIgniter\View\View->render('auth/login', [], true)
18 APPPATH\Controllers\Auth.php(133): view('auth/login', [])
19 SYSTEMPATH\CodeIgniter.php(933): App\Controllers\Auth->login()
20 SYSTEMPATH\CodeIgniter.php(507): CodeIgniter\CodeIgniter->runController(Object(App\Controllers\Auth))
21 SYSTEMPATH\CodeIgniter.php(354): CodeIgniter\CodeIgniter->handleRequest(null, Object(Config\Cache), false)
22 SYSTEMPATH\Boot.php(363): CodeIgniter\CodeIgniter->run()
23 SYSTEMPATH\Boot.php(68): CodeIgniter\Boot::runCodeIgniter(Object(CodeIgniter\CodeIgniter))
24 FCPATH\index.php(59): CodeIgniter\Boot::bootWeb(Object(Config\Paths))
CRITICAL - 2025-12-08 11:39:34 --> [Caused by] CodeIgniter\Database\Exceptions\DatabaseException: Table 'lms_galorpot.ci_sessions' doesn't exist
in SYSTEMPATH\Database\MySQLi\Connection.php on line 332.
 1 SYSTEMPATH\Database\BaseConnection.php(729): CodeIgniter\Database\MySQLi\Connection->execute('SELECT `data`
FROM `ci_sessions`
WHERE `id` = \'ci_session:b67c0332dfa8ebcbbbe62bc61d137bbe\'
AND `ip_address` = \'::1\'')
 2 SYSTEMPATH\Database\BaseConnection.php(646): CodeIgniter\Database\BaseConnection->simpleQuery('SELECT `data`
FROM `ci_sessions`
WHERE `id` = \'ci_session:b67c0332dfa8ebcbbbe62bc61d137bbe\'
AND `ip_address` = \'::1\'')
 3 SYSTEMPATH\Database\BaseBuilder.php(1649): CodeIgniter\Database\BaseConnection->query('SELECT `data`
FROM `ci_sessions`
WHERE `id` = :id:
AND `ip_address` = :ip_address:', [...], false)
 4 SYSTEMPATH\Session\Handlers\DatabaseHandler.php(135): CodeIgniter\Database\BaseBuilder->get()
 5 [internal function]: CodeIgniter\Session\Handlers\DatabaseHandler->read('b67c0332dfa8ebcbbbe62bc61d137bbe')
 6 SYSTEMPATH\Session\Session.php(912): session_start()
 7 SYSTEMPATH\Session\Session.php(243): CodeIgniter\Session\Session->startSession()
 8 SYSTEMPATH\Config\Services.php(715): CodeIgniter\Session\Session->start()
 9 SYSTEMPATH\Config\BaseService.php(312): CodeIgniter\Config\Services::session(Object(Config\Session), false)
10 SYSTEMPATH\Config\BaseService.php(251): CodeIgniter\Config\BaseService::__callStatic('session', [...])
11 SYSTEMPATH\Config\Services.php(668): CodeIgniter\Config\BaseService::getSharedInstance('session', null)
12 SYSTEMPATH\Config\BaseService.php(321): CodeIgniter\Config\Services::session()
13 SYSTEMPATH\Config\BaseService.php(202): CodeIgniter\Config\BaseService::__callStatic('session', [])
14 SYSTEMPATH\Common.php(995): CodeIgniter\Config\BaseService::get('session')
15 SYSTEMPATH\Common.php(968): service('session')
16 APPPATH\Views\auth\login.php(16): session()
17 SYSTEMPATH\View\View.php(226): include('F:\\xammp\\htdocs\\ITE311-GALORPOT\\app\\Views\\auth\\login.php')
18 SYSTEMPATH\View\View.php(229): CodeIgniter\View\View->CodeIgniter\View\{closure}()
19 SYSTEMPATH\Common.php(1167): CodeIgniter\View\View->render('auth/login', [], true)
20 APPPATH\Controllers\Auth.php(133): view('auth/login', [])
21 SYSTEMPATH\CodeIgniter.php(933): App\Controllers\Auth->login()
22 SYSTEMPATH\CodeIgniter.php(507): CodeIgniter\CodeIgniter->runController(Object(App\Controllers\Auth))
23 SYSTEMPATH\CodeIgniter.php(354): CodeIgniter\CodeIgniter->handleRequest(null, Object(Config\Cache), false)
24 SYSTEMPATH\Boot.php(363): CodeIgniter\CodeIgniter->run()
25 SYSTEMPATH\Boot.php(68): CodeIgniter\Boot::runCodeIgniter(Object(CodeIgniter\CodeIgniter))
26 FCPATH\index.php(59): CodeIgniter\Boot::bootWeb(Object(Config\Paths))
CRITICAL - 2025-12-08 11:39:34 --> [Caused by] mysqli_sql_exception: Table 'lms_galorpot.ci_sessions' doesn't exist
in SYSTEMPATH\Database\MySQLi\Connection.php on line 327.
 1 SYSTEMPATH\Database\MySQLi\Connection.php(327): mysqli->query('SELECT `data`
FROM `ci_sessions`
WHERE `id` = \'ci_session:b67c0332dfa8ebcbbbe62bc61d137bbe\'
AND `ip_address` = \'::1\'', 0)
 2 SYSTEMPATH\Database\BaseConnection.php(729): CodeIgniter\Database\MySQLi\Connection->execute('SELECT `data`
FROM `ci_sessions`
WHERE `id` = \'ci_session:b67c0332dfa8ebcbbbe62bc61d137bbe\'
AND `ip_address` = \'::1\'')
 3 SYSTEMPATH\Database\BaseConnection.php(646): CodeIgniter\Database\BaseConnection->simpleQuery('SELECT `data`
FROM `ci_sessions`
WHERE `id` = \'ci_session:b67c0332dfa8ebcbbbe62bc61d137bbe\'
AND `ip_address` = \'::1\'')
 4 SYSTEMPATH\Database\BaseBuilder.php(1649): CodeIgniter\Database\BaseConnection->query('SELECT `data`
FROM `ci_sessions`
WHERE `id` = :id:
AND `ip_address` = :ip_address:', [...], false)
 5 SYSTEMPATH\Session\Handlers\DatabaseHandler.php(135): CodeIgniter\Database\BaseBuilder->get()
 6 [internal function]: CodeIgniter\Session\Handlers\DatabaseHandler->read('b67c0332dfa8ebcbbbe62bc61d137bbe')
 7 SYSTEMPATH\Session\Session.php(912): session_start()
 8 SYSTEMPATH\Session\Session.php(243): CodeIgniter\Session\Session->startSession()
 9 SYSTEMPATH\Config\Services.php(715): CodeIgniter\Session\Session->start()
10 SYSTEMPATH\Config\BaseService.php(312): CodeIgniter\Config\Services::session(Object(Config\Session), false)
11 SYSTEMPATH\Config\BaseService.php(251): CodeIgniter\Config\BaseService::__callStatic('session', [...])
12 SYSTEMPATH\Config\Services.php(668): CodeIgniter\Config\BaseService::getSharedInstance('session', null)
13 SYSTEMPATH\Config\BaseService.php(321): CodeIgniter\Config\Services::session()
14 SYSTEMPATH\Config\BaseService.php(202): CodeIgniter\Config\BaseService::__callStatic('session', [])
15 SYSTEMPATH\Common.php(995): CodeIgniter\Config\BaseService::get('session')
16 SYSTEMPATH\Common.php(968): service('session')
17 APPPATH\Views\auth\login.php(16): session()
18 SYSTEMPATH\View\View.php(226): include('F:\\xammp\\htdocs\\ITE311-GALORPOT\\app\\Views\\auth\\login.php')
19 SYSTEMPATH\View\View.php(229): CodeIgniter\View\View->CodeIgniter\View\{closure}()
20 SYSTEMPATH\Common.php(1167): CodeIgniter\View\View->render('auth/login', [], true)
21 APPPATH\Controllers\Auth.php(133): view('auth/login', [])
22 SYSTEMPATH\CodeIgniter.php(933): App\Controllers\Auth->login()
23 SYSTEMPATH\CodeIgniter.php(507): CodeIgniter\CodeIgniter->runController(Object(App\Controllers\Auth))
24 SYSTEMPATH\CodeIgniter.php(354): CodeIgniter\CodeIgniter->handleRequest(null, Object(Config\Cache), false)
25 SYSTEMPATH\Boot.php(363): CodeIgniter\CodeIgniter->run()
26 SYSTEMPATH\Boot.php(68): CodeIgniter\Boot::runCodeIgniter(Object(CodeIgniter\CodeIgniter))
27 FCPATH\index.php(59): CodeIgniter\Boot::bootWeb(Object(Config\Paths))
ERROR - 2025-12-08 11:52:46 --> CREATE COURSE - Validation failed: {"control_number":"The Control Number field must contain a unique value."}
ERROR - 2025-12-08 12:23:39 --> CREATE COURSE - Validation failed: {"control_number":"The Control Number field must contain a unique value."}
DEBUG - 2025-12-08 13:26:13 --> Session: Class initialized using 'CodeIgniter\Session\Handlers\DatabaseHandler' driver.
CRITICAL - 2025-12-08 13:29:27 --> Error: Class "App\Controllers\SemesterModel" not found
[Method: GET, Route: instructor/completed-courses]
in APPPATH\Controllers\Instructor.php on line 100.
 1 SYSTEMPATH\CodeIgniter.php(933): App\Controllers\Instructor->completedCourses()
 2 SYSTEMPATH\CodeIgniter.php(507): CodeIgniter\CodeIgniter->runController(Object(App\Controllers\Instructor))
 3 SYSTEMPATH\CodeIgniter.php(354): CodeIgniter\CodeIgniter->handleRequest(null, Object(Config\Cache), false)
 4 SYSTEMPATH\Boot.php(363): CodeIgniter\CodeIgniter->run()
 5 SYSTEMPATH\Boot.php(68): CodeIgniter\Boot::runCodeIgniter(Object(CodeIgniter\CodeIgniter))
 6 FCPATH\index.php(59): CodeIgniter\Boot::bootWeb(Object(Config\Paths))
CRITICAL - 2025-12-08 13:30:33 --> Error: Class "App\Controllers\SemesterModel" not found
[Method: GET, Route: instructor/completed-courses]
in APPPATH\Controllers\Instructor.php on line 100.
 1 SYSTEMPATH\CodeIgniter.php(933): App\Controllers\Instructor->completedCourses()
 2 SYSTEMPATH\CodeIgniter.php(507): CodeIgniter\CodeIgniter->runController(Object(App\Controllers\Instructor))
 3 SYSTEMPATH\CodeIgniter.php(354): CodeIgniter\CodeIgniter->handleRequest(null, Object(Config\Cache), false)
 4 SYSTEMPATH\Boot.php(363): CodeIgniter\CodeIgniter->run()
 5 SYSTEMPATH\Boot.php(68): CodeIgniter\Boot::runCodeIgniter(Object(CodeIgniter\CodeIgniter))
 6 FCPATH\index.php(59): CodeIgniter\Boot::bootWeb(Object(Config\Paths))
CRITICAL - 2025-12-08 13:31:01 --> Error: Class "App\Controllers\SemesterModel" not found
[Method: GET, Route: instructor/completed-courses]
in APPPATH\Controllers\Instructor.php on line 100.
 1 SYSTEMPATH\CodeIgniter.php(933): App\Controllers\Instructor->completedCourses()
 2 SYSTEMPATH\CodeIgniter.php(507): CodeIgniter\CodeIgniter->runController(Object(App\Controllers\Instructor))
 3 SYSTEMPATH\CodeIgniter.php(354): CodeIgniter\CodeIgniter->handleRequest(null, Object(Config\Cache), false)
 4 SYSTEMPATH\Boot.php(363): CodeIgniter\CodeIgniter->run()
 5 SYSTEMPATH\Boot.php(68): CodeIgniter\Boot::runCodeIgniter(Object(CodeIgniter\CodeIgniter))
 6 FCPATH\index.php(59): CodeIgniter\Boot::bootWeb(Object(Config\Paths))
ERROR - 2025-12-08 13:35:22 --> Error loading course: Undefined variable $termModel
ERROR - 2025-12-08 13:35:27 --> Error loading course: Undefined variable $termModel
ERROR - 2025-12-08 13:36:10 --> Error loading course: Undefined variable $termModel
ERROR - 2025-12-08 13:36:14 --> Error loading course: Undefined variable $termModel
ERROR - 2025-12-08 14:27:28 --> UPDATE TEACHER ASSIGNMENT - Method is not POST, redirecting... Method was: POST
CRITICAL - 2025-12-08 14:30:35 --> ParseError: syntax error, unexpected token "public"
[Method: GET, Route: admin/teacher-assignments]
in APPPATH\Controllers\Admin.php on line 1001.
 1 SYSTEMPATH\Autoloader\Autoloader.php(295): CodeIgniter\Autoloader\Autoloader->includeFile('F:\\xammp\\htdocs\\ITE311-GALORPOT\\app\\Controllers\\Admin.php')
 2 SYSTEMPATH\Autoloader\Autoloader.php(271): CodeIgniter\Autoloader\Autoloader->loadInNamespace('App\\Controllers\\Admin')
 3 [internal function]: CodeIgniter\Autoloader\Autoloader->loadClass('App\\Controllers\\Admin')
 4 SYSTEMPATH\CodeIgniter.php(885): class_exists('\\App\\Controllers\\Admin', true)
 5 SYSTEMPATH\CodeIgniter.php(494): CodeIgniter\CodeIgniter->startController()
 6 SYSTEMPATH\CodeIgniter.php(354): CodeIgniter\CodeIgniter->handleRequest(null, Object(Config\Cache), false)
 7 SYSTEMPATH\Boot.php(363): CodeIgniter\CodeIgniter->run()
 8 SYSTEMPATH\Boot.php(68): CodeIgniter\Boot::runCodeIgniter(Object(CodeIgniter\CodeIgniter))
 9 FCPATH\index.php(59): CodeIgniter\Boot::bootWeb(Object(Config\Paths))
ERROR - 2025-12-08 14:32:53 --> UPDATE TEACHER ASSIGNMENT - Method is not POST, redirecting... Method was: POST
ERROR - 2025-12-08 14:33:03 --> UPDATE TEACHER ASSIGNMENT - Method is not POST, redirecting... Method was: POST
ERROR - 2025-12-08 14:33:36 --> UPDATE TEACHER ASSIGNMENT - Method is not POST, redirecting... Method was: POST
