ERROR - 2025-12-03 17:44:16 --> mysqli_sql_exception: Unknown column 'student_id' in 'where clause' in F:\xammp\htdocs\ITE311-GALORPOT\system\Database\MySQLi\Connection.php:327
Stack trace:
#0 F:\xammp\htdocs\ITE311-GALORPOT\system\Database\MySQLi\Connection.php(327): mysqli->query('SELECT *\nFROM `...', 0)
#1 F:\xammp\htdocs\ITE311-GALORPOT\system\Database\BaseConnection.php(729): CodeIgniter\Database\MySQLi\Connection->execute('SELECT *\nFROM `...')
#2 F:\xammp\htdocs\ITE311-GALORPOT\system\Database\BaseConnection.php(646): CodeIgniter\Database\BaseConnection->simpleQuery('SELECT *\nFROM `...')
#3 F:\xammp\htdocs\ITE311-GALORPOT\system\Database\BaseBuilder.php(1649): CodeIgniter\Database\BaseConnection->query('SELECT *\nFROM `...', Array, false)
#4 F:\xammp\htdocs\ITE311-GALORPOT\system\Model.php(330): CodeIgniter\Database\BaseBuilder->get()
#5 F:\xammp\htdocs\ITE311-GALORPOT\system\BaseModel.php(715): CodeIgniter\Model->doFirst()
#6 F:\xammp\htdocs\ITE311-GALORPOT\app\Controllers\Auth.php(15): CodeIgniter\BaseModel->first()
#7 F:\xammp\htdocs\ITE311-GALORPOT\app\Controllers\Auth.php(48): App\Controllers\Auth->generateUniqueStudentId()
#8 F:\xammp\htdocs\ITE311-GALORPOT\system\CodeIgniter.php(933): App\Controllers\Auth->register()
#9 F:\xammp\htdocs\ITE311-GALORPOT\system\CodeIgniter.php(507): CodeIgniter\CodeIgniter->runController(Object(App\Controllers\Auth))
#10 F:\xammp\htdocs\ITE311-GALORPOT\system\CodeIgniter.php(354): CodeIgniter\CodeIgniter->handleRequest(NULL, Object(Config\Cache), false)
#11 F:\xammp\htdocs\ITE311-GALORPOT\system\Boot.php(363): CodeIgniter\CodeIgniter->run()
#12 F:\xammp\htdocs\ITE311-GALORPOT\system\Boot.php(68): CodeIgniter\Boot::runCodeIgniter(Object(CodeIgniter\CodeIgniter))
#13 F:\xammp\htdocs\ITE311-GALORPOT\index.php(59): CodeIgniter\Boot::bootWeb(Object(Config\Paths))
#14 {main}
CRITICAL - 2025-12-03 17:44:16 --> CodeIgniter\Database\Exceptions\DatabaseException: Unknown column 'student_id' in 'where clause'
[Method: POST, Route: register]
in SYSTEMPATH\Database\BaseConnection.php on line 684.
 1 SYSTEMPATH\Database\BaseBuilder.php(1649): CodeIgniter\Database\BaseConnection->query('SELECT *
FROM `users`
WHERE `student_id` = :student_id:
 LIMIT 1', [...], false)
 2 SYSTEMPATH\Model.php(330): CodeIgniter\Database\BaseBuilder->get()
 3 SYSTEMPATH\BaseModel.php(715): CodeIgniter\Model->doFirst()
 4 APPPATH\Controllers\Auth.php(15): CodeIgniter\BaseModel->first()
 5 APPPATH\Controllers\Auth.php(48): App\Controllers\Auth->generateUniqueStudentId()
 6 SYSTEMPATH\CodeIgniter.php(933): App\Controllers\Auth->register()
 7 SYSTEMPATH\CodeIgniter.php(507): CodeIgniter\CodeIgniter->runController(Object(App\Controllers\Auth))
 8 SYSTEMPATH\CodeIgniter.php(354): CodeIgniter\CodeIgniter->handleRequest(null, Object(Config\Cache), false)
 9 SYSTEMPATH\Boot.php(363): CodeIgniter\CodeIgniter->run()
10 SYSTEMPATH\Boot.php(68): CodeIgniter\Boot::runCodeIgniter(Object(CodeIgniter\CodeIgniter))
11 FCPATH\index.php(59): CodeIgniter\Boot::bootWeb(Object(Config\Paths))
CRITICAL - 2025-12-03 17:44:16 --> [Caused by] CodeIgniter\Database\Exceptions\DatabaseException: Unknown column 'student_id' in 'where clause'
in SYSTEMPATH\Database\MySQLi\Connection.php on line 332.
 1 SYSTEMPATH\Database\BaseConnection.php(729): CodeIgniter\Database\MySQLi\Connection->execute('SELECT *
FROM `users`
WHERE `student_id` = \'S-20251203-0898\'
 LIMIT 1')
 2 SYSTEMPATH\Database\BaseConnection.php(646): CodeIgniter\Database\BaseConnection->simpleQuery('SELECT *
FROM `users`
WHERE `student_id` = \'S-20251203-0898\'
 LIMIT 1')
 3 SYSTEMPATH\Database\BaseBuilder.php(1649): CodeIgniter\Database\BaseConnection->query('SELECT *
FROM `users`
WHERE `student_id` = :student_id:
 LIMIT 1', [...], false)
 4 SYSTEMPATH\Model.php(330): CodeIgniter\Database\BaseBuilder->get()
 5 SYSTEMPATH\BaseModel.php(715): CodeIgniter\Model->doFirst()
 6 APPPATH\Controllers\Auth.php(15): CodeIgniter\BaseModel->first()
 7 APPPATH\Controllers\Auth.php(48): App\Controllers\Auth->generateUniqueStudentId()
 8 SYSTEMPATH\CodeIgniter.php(933): App\Controllers\Auth->register()
 9 SYSTEMPATH\CodeIgniter.php(507): CodeIgniter\CodeIgniter->runController(Object(App\Controllers\Auth))
10 SYSTEMPATH\CodeIgniter.php(354): CodeIgniter\CodeIgniter->handleRequest(null, Object(Config\Cache), false)
11 SYSTEMPATH\Boot.php(363): CodeIgniter\CodeIgniter->run()
12 SYSTEMPATH\Boot.php(68): CodeIgniter\Boot::runCodeIgniter(Object(CodeIgniter\CodeIgniter))
13 FCPATH\index.php(59): CodeIgniter\Boot::bootWeb(Object(Config\Paths))
CRITICAL - 2025-12-03 17:44:16 --> [Caused by] mysqli_sql_exception: Unknown column 'student_id' in 'where clause'
in SYSTEMPATH\Database\MySQLi\Connection.php on line 327.
 1 SYSTEMPATH\Database\MySQLi\Connection.php(327): mysqli->query('SELECT *
FROM `users`
WHERE `student_id` = \'S-20251203-0898\'
 LIMIT 1', 0)
 2 SYSTEMPATH\Database\BaseConnection.php(729): CodeIgniter\Database\MySQLi\Connection->execute('SELECT *
FROM `users`
WHERE `student_id` = \'S-20251203-0898\'
 LIMIT 1')
 3 SYSTEMPATH\Database\BaseConnection.php(646): CodeIgniter\Database\BaseConnection->simpleQuery('SELECT *
FROM `users`
WHERE `student_id` = \'S-20251203-0898\'
 LIMIT 1')
 4 SYSTEMPATH\Database\BaseBuilder.php(1649): CodeIgniter\Database\BaseConnection->query('SELECT *
FROM `users`
WHERE `student_id` = :student_id:
 LIMIT 1', [...], false)
 5 SYSTEMPATH\Model.php(330): CodeIgniter\Database\BaseBuilder->get()
 6 SYSTEMPATH\BaseModel.php(715): CodeIgniter\Model->doFirst()
 7 APPPATH\Controllers\Auth.php(15): CodeIgniter\BaseModel->first()
 8 APPPATH\Controllers\Auth.php(48): App\Controllers\Auth->generateUniqueStudentId()
 9 SYSTEMPATH\CodeIgniter.php(933): App\Controllers\Auth->register()
10 SYSTEMPATH\CodeIgniter.php(507): CodeIgniter\CodeIgniter->runController(Object(App\Controllers\Auth))
11 SYSTEMPATH\CodeIgniter.php(354): CodeIgniter\CodeIgniter->handleRequest(null, Object(Config\Cache), false)
12 SYSTEMPATH\Boot.php(363): CodeIgniter\CodeIgniter->run()
13 SYSTEMPATH\Boot.php(68): CodeIgniter\Boot::runCodeIgniter(Object(CodeIgniter\CodeIgniter))
14 FCPATH\index.php(59): CodeIgniter\Boot::bootWeb(Object(Config\Paths))
